node 619 j 51 i 1 c 1773 z 20669 jlev 51 zsol 1773
node 614 j 50 i 1 c 921 z 18896 jlev 50 zsol 2694
node 609 j 49 i 1 c 423 z 17975 jlev 49 zsol 3117
node 604 j 48 i 1 c 748 z 17552 jlev 48 zsol 3865
node 599 j 47 i 1 c 1046 z 16804 jlev 47 zsol 4911
node 594 j 46 i 1 c 387 z 15758 jlev 46 zsol 5298
node 589 j 45 i 1 c 171 z 15371 jlev 45 zsol 5469
node 584 j 44 i 1 c 712 z 15200 jlev 44 zsol 6181
node 579 j 43 i 1 c 567 z 14488 jlev 43 zsol 6748
node 574 j 42 i 1 c 863 z 13921 jlev 42 zsol 7611
node 569 j 41 i 1 c 750 z 13058 jlev 41 zsol 8361
node 565 j 40 i 2 c 222 z 12308 jlev 40 zsol 8583
node 560 j 39 i 1 c 975 z 12086 jlev 39 zsol 9558
node 555 j 38 i 1 c 449 z 11111 jlev 38 zsol 10007
node 550 j 37 i 1 c 288 z 10662 jlev 37 zsol 10295
node 545 j 36 i 1 c 310 z 10374 jlev 36 zsol 10605
node 540 j 35 i 1 c 493 z 10064 jlev 35 zsol 11098
node 529 j 34 i 1 c 579 z 9571 jlev 34 zsol 11677
node 518 j 33 i 2 c 262 z 8992 jlev 33 zsol 11939
node 515 j 32 i 3 c 88 z 8730 jlev 32 zsol 12027
node 502 j 31 i 1 c 637 z 8642 jlev 31 zsol 12664
node 492 j 30 i 3 c 477 z 8005 jlev 30 zsol 13141
node 475 j 29 i 2 c 321 z 7528 jlev 29 zsol 13462
node 462 j 28 i 1 c 461 z 7207 jlev 28 zsol 13923
node 449 j 27 i 1 c 123 z 6746 jlev 27 zsol 14046
node 433 j 26 i 2 c 455 z 6623 jlev 26 zsol 14501
node 419 j 25 i 2 c 188 z 6168 jlev 25 zsol 14689
node 406 j 24 i 2 c 169 z 5980 jlev 24 zsol 14858
node 393 j 23 i 2 c 123 z 5811 jlev 23 zsol 14981
node 381 j 22 i 2 c 263 z 5688 jlev 22 zsol 15244
node 367 j 21 i 3 c 94 z 5425 jlev 21 zsol 15338
node 352 j 20 i 3 c 245 z 5331 jlev 20 zsol 15583
node 337 j 19 i 3 c 386 z 5086 jlev 19 zsol 15969
node 322 j 18 i 2 c 251 z 4700 jlev 18 zsol 16220
node 307 j 17 i 1 c 313 z 4449 jlev 17 zsol 16533
node 296 j 16 i 0 c 131 z 4136 jlev 16 zsol 16664
node 281 j 15 i 2 c 301 z 4005 jlev 15 zsol 16965
node 266 j 14 i 2 c 322 z 3704 jlev 14 zsol 17287
node 250 j 13 i 1 c 298 z 3382 jlev 13 zsol 17585
node 236 j 12 i 0 c 73 z 3084 jlev 12 zsol 17658
node 217 j 11 i 2 c 288 z 3011 jlev 11 zsol 17946
node 187 j 10 i 2 c 195 z 2723 jlev 10 zsol 18141
node 166 j 9 i 0 c 213 z 2528 jlev 9 zsol 18354
node 146 j 8 i 0 c 273 z 2315 jlev 8 zsol 18627
node 126 j 7 i 3 c 123 z 2042 jlev 7 zsol 18750
node 106 j 6 i 3 c 319 z 1919 jlev 6 zsol 19069
node 86 j 5 i 2 c 172 z 1600 jlev 5 zsol 19241
node 66 j 4 i 1 c 394 z 1428 jlev 4 zsol 19635
node 46 j 3 i 3 c 224 z 1034 jlev 3 zsol 19859
node 26 j 2 i 1 c 116 z 810 jlev 2 zsol 19975
node 10 j 1 i 3 c 206 z 694 jlev 1 zsol 20181
node 2 j 0 i 0 c 488 z 488 jlev 0 zsol 20669
0 3 1 3 1 2 3 3 0 0 2 2 0 1 2 2 0 1 2 3 3 3 2 2 2 2 2 1 1 2 3 1 3 2 1 1 1 1 1 1 2 1 1 1 1 1 1 1 1 1 1 1 
FNew zub: 20669
node 1215 j 51 i 1 c 1773 z 19752 jlev 51 zsol 1773
node 1210 j 50 i 1 c 921 z 17979 jlev 50 zsol 2694
node 1205 j 49 i 1 c 423 z 17058 jlev 49 zsol 3117
node 1200 j 48 i 1 c 748 z 16635 jlev 48 zsol 3865
node 1197 j 47 i 2 c 282 z 15887 jlev 47 zsol 4147
node 1192 j 46 i 1 c 387 z 15605 jlev 46 zsol 4534
node 1187 j 45 i 1 c 171 z 15218 jlev 45 zsol 4705
node 1180 j 44 i 1 c 712 z 15047 jlev 44 zsol 5417
node 1175 j 43 i 1 c 567 z 14335 jlev 43 zsol 5984
node 1170 j 42 i 1 c 863 z 13768 jlev 42 zsol 6847
node 1161 j 41 i 1 c 750 z 12905 jlev 41 zsol 7597
node 1155 j 40 i 2 c 222 z 12155 jlev 40 zsol 7819
node 1150 j 39 i 1 c 975 z 11933 jlev 39 zsol 8794
node 1144 j 38 i 1 c 449 z 10958 jlev 38 zsol 9243
node 1138 j 37 i 1 c 288 z 10509 jlev 37 zsol 9531
node 1133 j 36 i 1 c 310 z 10221 jlev 36 zsol 9841
node 1128 j 35 i 2 c 307 z 9911 jlev 35 zsol 10148
node 1117 j 34 i 1 c 579 z 9604 jlev 34 zsol 10727
node 1109 j 33 i 2 c 262 z 9025 jlev 33 zsol 10989
node 1099 j 32 i 2 c 249 z 8763 jlev 32 zsol 11238
node 1088 j 31 i 1 c 637 z 8514 jlev 31 zsol 11875
node 1081 j 30 i 3 c 477 z 7877 jlev 30 zsol 12352
node 1064 j 29 i 1 c 414 z 7400 jlev 29 zsol 12766
node 1050 j 28 i 1 c 461 z 6986 jlev 28 zsol 13227
node 1039 j 27 i 1 c 123 z 6525 jlev 27 zsol 13350
node 1029 j 26 i 3 c 354 z 6402 jlev 26 zsol 13704
node 1017 j 25 i 2 c 188 z 6048 jlev 25 zsol 13892
node 1005 j 24 i 2 c 169 z 5860 jlev 24 zsol 14061
node 993 j 23 i 2 c 123 z 5691 jlev 23 zsol 14184
node 982 j 22 i 2 c 263 z 5568 jlev 22 zsol 14447
node 971 j 21 i 3 c 94 z 5305 jlev 21 zsol 14541
node 957 j 20 i 3 c 245 z 5211 jlev 20 zsol 14786
node 942 j 19 i 3 c 386 z 4966 jlev 19 zsol 15172
node 928 j 18 i 0 c 60 z 4580 jlev 18 zsol 15232
node 909 j 17 i 1 c 313 z 4520 jlev 17 zsol 15545
node 298 j 16 i 2 c 202 z 4207 jlev 16 zsol 15747
node 281 j 15 i 2 c 301 z 4005 jlev 15 zsol 16048
node 266 j 14 i 2 c 322 z 3704 jlev 14 zsol 16370
node 250 j 13 i 1 c 298 z 3382 jlev 13 zsol 16668
node 236 j 12 i 0 c 73 z 3084 jlev 12 zsol 16741
node 217 j 11 i 2 c 288 z 3011 jlev 11 zsol 17029
node 187 j 10 i 2 c 195 z 2723 jlev 10 zsol 17224
node 166 j 9 i 0 c 213 z 2528 jlev 9 zsol 17437
node 146 j 8 i 0 c 273 z 2315 jlev 8 zsol 17710
node 126 j 7 i 3 c 123 z 2042 jlev 7 zsol 17833
node 106 j 6 i 3 c 319 z 1919 jlev 6 zsol 18152
node 86 j 5 i 2 c 172 z 1600 jlev 5 zsol 18324
node 66 j 4 i 1 c 394 z 1428 jlev 4 zsol 18718
node 46 j 3 i 3 c 224 z 1034 jlev 3 zsol 18942
node 26 j 2 i 1 c 116 z 810 jlev 2 zsol 19058
node 10 j 1 i 3 c 206 z 694 jlev 1 zsol 19264
node 2 j 0 i 0 c 488 z 488 jlev 0 zsol 19752
0 3 1 3 1 2 3 3 0 0 2 2 0 1 2 2 2 1 0 3 3 3 2 2 2 2 3 1 1 1 3 1 2 2 1 2 1 1 1 1 2 1 1 1 1 1 1 2 1 1 1 1 
FNew zub: 19752
node 1830 j 51 i 1 c 1773 z 19041 jlev 51 zsol 1773
node 1825 j 50 i 1 c 921 z 17268 jlev 50 zsol 2694
node 1820 j 49 i 1 c 423 z 16347 jlev 49 zsol 3117
node 1815 j 48 i 1 c 748 z 15924 jlev 48 zsol 3865
node 1806 j 47 i 2 c 282 z 15176 jlev 47 zsol 4147
node 1801 j 46 i 1 c 387 z 14894 jlev 46 zsol 4534
node 1796 j 45 i 1 c 171 z 14507 jlev 45 zsol 4705
node 1791 j 44 i 1 c 712 z 14336 jlev 44 zsol 5417
node 1786 j 43 i 1 c 567 z 13624 jlev 43 zsol 5984
node 1781 j 42 i 1 c 863 z 13057 jlev 42 zsol 6847
node 1769 j 41 i 0 c 189 z 12194 jlev 41 zsol 7036
node 1764 j 40 i 2 c 222 z 12005 jlev 40 zsol 7258
node 1759 j 39 i 1 c 975 z 11783 jlev 39 zsol 8233
node 1753 j 38 i 1 c 449 z 10808 jlev 38 zsol 8682
node 1747 j 37 i 1 c 288 z 10359 jlev 37 zsol 8970
node 1742 j 36 i 1 c 310 z 10071 jlev 36 zsol 9280
node 1734 j 35 i 1 c 493 z 9761 jlev 35 zsol 9773
node 1720 j 34 i 3 c 305 z 9268 jlev 34 zsol 10078
node 1715 j 33 i 2 c 262 z 8963 jlev 33 zsol 10340
node 1707 j 32 i 2 c 249 z 8701 jlev 32 zsol 10589
node 1693 j 31 i 1 c 637 z 8452 jlev 31 zsol 11226
node 1687 j 30 i 3 c 477 z 7815 jlev 30 zsol 11703
node 1671 j 29 i 1 c 414 z 7338 jlev 29 zsol 12117
node 1658 j 28 i 1 c 461 z 6924 jlev 28 zsol 12578
node 1646 j 27 i 1 c 123 z 6463 jlev 27 zsol 12701
node 1636 j 26 i 3 c 354 z 6340 jlev 26 zsol 13055
node 1623 j 25 i 2 c 188 z 5986 jlev 25 zsol 13243
node 1610 j 24 i 2 c 169 z 5798 jlev 24 zsol 13412
node 1597 j 23 i 2 c 123 z 5629 jlev 23 zsol 13535
node 1584 j 22 i 2 c 263 z 5506 jlev 22 zsol 13798
node 1571 j 21 i 3 c 94 z 5243 jlev 21 zsol 13892
node 1556 j 20 i 3 c 245 z 5149 jlev 20 zsol 14137
node 1539 j 19 i 0 c 133 z 4904 jlev 19 zsol 14270
node 929 j 18 i 2 c 251 z 4771 jlev 18 zsol 14521
node 909 j 17 i 1 c 313 z 4520 jlev 17 zsol 14834
node 298 j 16 i 2 c 202 z 4207 jlev 16 zsol 15036
node 281 j 15 i 2 c 301 z 4005 jlev 15 zsol 15337
node 266 j 14 i 2 c 322 z 3704 jlev 14 zsol 15659
node 250 j 13 i 1 c 298 z 3382 jlev 13 zsol 15957
node 236 j 12 i 0 c 73 z 3084 jlev 12 zsol 16030
node 217 j 11 i 2 c 288 z 3011 jlev 11 zsol 16318
node 187 j 10 i 2 c 195 z 2723 jlev 10 zsol 16513
node 166 j 9 i 0 c 213 z 2528 jlev 9 zsol 16726
node 146 j 8 i 0 c 273 z 2315 jlev 8 zsol 16999
node 126 j 7 i 3 c 123 z 2042 jlev 7 zsol 17122
node 106 j 6 i 3 c 319 z 1919 jlev 6 zsol 17441
node 86 j 5 i 2 c 172 z 1600 jlev 5 zsol 17613
node 66 j 4 i 1 c 394 z 1428 jlev 4 zsol 18007
node 46 j 3 i 3 c 224 z 1034 jlev 3 zsol 18231
node 26 j 2 i 1 c 116 z 810 jlev 2 zsol 18347
node 10 j 1 i 3 c 206 z 694 jlev 1 zsol 18553
node 2 j 0 i 0 c 488 z 488 jlev 0 zsol 19041
0 3 1 3 1 2 3 3 0 0 2 2 0 1 2 2 2 1 2 0 3 3 2 2 2 2 3 1 1 1 3 1 2 2 3 1 1 1 1 1 2 0 1 1 1 1 1 2 1 1 1 1 
FNew zub: 19041
node 2438 j 51 i 2 c 281 z 17997 jlev 51 zsol 281
node 2437 j 50 i 1 c 921 z 17716 jlev 50 zsol 1202
node 2432 j 49 i 1 c 423 z 16795 jlev 49 zsol 1625
node 2426 j 48 i 1 c 748 z 16372 jlev 48 zsol 2373
node 2420 j 47 i 2 c 282 z 15624 jlev 47 zsol 2655
node 2410 j 46 i 1 c 387 z 15342 jlev 46 zsol 3042
node 2404 j 45 i 1 c 171 z 14955 jlev 45 zsol 3213
node 2398 j 44 i 1 c 712 z 14784 jlev 44 zsol 3925
node 2392 j 43 i 1 c 567 z 14072 jlev 43 zsol 4492
node 2386 j 42 i 1 c 863 z 13505 jlev 42 zsol 5355
node 1778 j 41 i 0 c 189 z 12642 jlev 41 zsol 5544
node 1765 j 40 i 1 c 670 z 12453 jlev 40 zsol 6214
node 1759 j 39 i 1 c 975 z 11783 jlev 39 zsol 7189
node 1753 j 38 i 1 c 449 z 10808 jlev 38 zsol 7638
node 1747 j 37 i 1 c 288 z 10359 jlev 37 zsol 7926
node 1742 j 36 i 1 c 310 z 10071 jlev 36 zsol 8236
node 1734 j 35 i 1 c 493 z 9761 jlev 35 zsol 8729
node 1720 j 34 i 3 c 305 z 9268 jlev 34 zsol 9034
node 1715 j 33 i 2 c 262 z 8963 jlev 33 zsol 9296
node 1707 j 32 i 2 c 249 z 8701 jlev 32 zsol 9545
node 1693 j 31 i 1 c 637 z 8452 jlev 31 zsol 10182
node 1687 j 30 i 3 c 477 z 7815 jlev 30 zsol 10659
node 1671 j 29 i 1 c 414 z 7338 jlev 29 zsol 11073
node 1658 j 28 i 1 c 461 z 6924 jlev 28 zsol 11534
node 1646 j 27 i 1 c 123 z 6463 jlev 27 zsol 11657
node 1636 j 26 i 3 c 354 z 6340 jlev 26 zsol 12011
node 1623 j 25 i 2 c 188 z 5986 jlev 25 zsol 12199
node 1610 j 24 i 2 c 169 z 5798 jlev 24 zsol 12368
node 1597 j 23 i 2 c 123 z 5629 jlev 23 zsol 12491
node 1584 j 22 i 2 c 263 z 5506 jlev 22 zsol 12754
node 1571 j 21 i 3 c 94 z 5243 jlev 21 zsol 12848
node 1556 j 20 i 3 c 245 z 5149 jlev 20 zsol 13093
node 1539 j 19 i 0 c 133 z 4904 jlev 19 zsol 13226
node 929 j 18 i 2 c 251 z 4771 jlev 18 zsol 13477
node 909 j 17 i 1 c 313 z 4520 jlev 17 zsol 13790
node 298 j 16 i 2 c 202 z 4207 jlev 16 zsol 13992
node 281 j 15 i 2 c 301 z 4005 jlev 15 zsol 14293
node 266 j 14 i 2 c 322 z 3704 jlev 14 zsol 14615
node 250 j 13 i 1 c 298 z 3382 jlev 13 zsol 14913
node 236 j 12 i 0 c 73 z 3084 jlev 12 zsol 14986
node 217 j 11 i 2 c 288 z 3011 jlev 11 zsol 15274
node 187 j 10 i 2 c 195 z 2723 jlev 10 zsol 15469
node 166 j 9 i 0 c 213 z 2528 jlev 9 zsol 15682
node 146 j 8 i 0 c 273 z 2315 jlev 8 zsol 15955
node 126 j 7 i 3 c 123 z 2042 jlev 7 zsol 16078
node 106 j 6 i 3 c 319 z 1919 jlev 6 zsol 16397
node 86 j 5 i 2 c 172 z 1600 jlev 5 zsol 16569
node 66 j 4 i 1 c 394 z 1428 jlev 4 zsol 16963
node 46 j 3 i 3 c 224 z 1034 jlev 3 zsol 17187
node 26 j 2 i 1 c 116 z 810 jlev 2 zsol 17303
node 10 j 1 i 3 c 206 z 694 jlev 1 zsol 17509
node 2 j 0 i 0 c 488 z 488 jlev 0 zsol 17997
0 3 1 3 1 2 3 3 0 0 2 2 0 1 2 2 2 1 2 0 3 3 2 2 2 2 3 1 1 1 3 1 2 2 3 1 1 1 1 1 1 0 1 1 1 1 1 2 1 1 1 2 
FNew zub: 17997
node 9461 j 51 i 2 c 281 z 17800 jlev 51 zsol 281
node 9459 j 50 i 1 c 921 z 17519 jlev 50 zsol 1202
node 9454 j 49 i 1 c 423 z 16598 jlev 49 zsol 1625
node 9448 j 48 i 1 c 748 z 16175 jlev 48 zsol 2373
node 9443 j 47 i 2 c 282 z 15427 jlev 47 zsol 2655
node 9435 j 46 i 1 c 387 z 15145 jlev 46 zsol 3042
node 9429 j 45 i 1 c 171 z 14758 jlev 45 zsol 3213
node 9423 j 44 i 1 c 712 z 14587 jlev 44 zsol 3925
node 9415 j 43 i 1 c 567 z 13875 jlev 43 zsol 4492
node 9409 j 42 i 1 c 863 z 13308 jlev 42 zsol 5355
node 9404 j 41 i 3 c 151 z 12445 jlev 41 zsol 5506
node 8836 j 40 i 1 c 670 z 12294 jlev 40 zsol 6176
node 8829 j 39 i 1 c 975 z 11624 jlev 39 zsol 7151
node 8254 j 38 i 1 c 449 z 10649 jlev 38 zsol 7600
node 8248 j 37 i 1 c 288 z 10200 jlev 37 zsol 7888
node 8243 j 36 i 1 c 310 z 9912 jlev 36 zsol 8198
node 8235 j 35 i 2 c 307 z 9602 jlev 35 zsol 8505
node 8218 j 34 i 1 c 579 z 9295 jlev 34 zsol 9084
node 8207 j 33 i 2 c 262 z 8716 jlev 33 zsol 9346
node 8196 j 32 i 3 c 88 z 8454 jlev 32 zsol 9434
node 8185 j 31 i 1 c 637 z 8366 jlev 31 zsol 10071
node 8176 j 30 i 3 c 477 z 7729 jlev 30 zsol 10548
node 8161 j 29 i 2 c 321 z 7252 jlev 29 zsol 10869
node 8145 j 28 i 1 c 461 z 6931 jlev 28 zsol 11330
node 8131 j 27 i 1 c 123 z 6470 jlev 27 zsol 11453
node 8121 j 26 i 3 c 354 z 6347 jlev 26 zsol 11807
node 7546 j 25 i 2 c 188 z 5993 jlev 25 zsol 11995
node 7532 j 24 i 2 c 169 z 5805 jlev 24 zsol 12164
node 7518 j 23 i 2 c 123 z 5636 jlev 23 zsol 12287
node 6354 j 22 i 1 c 303 z 5513 jlev 22 zsol 12590
node 6339 j 21 i 3 c 94 z 5210 jlev 21 zsol 12684
node 6319 j 20 i 2 c 277 z 5116 jlev 20 zsol 12961
node 6304 j 19 i 0 c 133 z 4839 jlev 19 zsol 13094
node 6289 j 18 i 2 c 251 z 4706 jlev 18 zsol 13345
node 6270 j 17 i 1 c 313 z 4455 jlev 17 zsol 13658
node 5664 j 16 i 2 c 202 z 4142 jlev 16 zsol 13860
node 5646 j 15 i 0 c 86 z 3940 jlev 15 zsol 13946
node 5628 j 14 i 2 c 322 z 3854 jlev 14 zsol 14268
node 5611 j 13 i 1 c 298 z 3532 jlev 13 zsol 14566
node 5596 j 12 i 0 c 73 z 3234 jlev 12 zsol 14639
node 4390 j 11 i 2 c 288 z 3161 jlev 11 zsol 14927
node 1388 j 10 i 2 c 195 z 2873 jlev 10 zsol 15122
node 167 j 9 i 3 c 363 z 2678 jlev 9 zsol 15485
node 146 j 8 i 0 c 273 z 2315 jlev 8 zsol 15758
node 126 j 7 i 3 c 123 z 2042 jlev 7 zsol 15881
node 106 j 6 i 3 c 319 z 1919 jlev 6 zsol 16200
node 86 j 5 i 2 c 172 z 1600 jlev 5 zsol 16372
node 66 j 4 i 1 c 394 z 1428 jlev 4 zsol 16766
node 46 j 3 i 3 c 224 z 1034 jlev 3 zsol 16990
node 26 j 2 i 1 c 116 z 810 jlev 2 zsol 17106
node 10 j 1 i 3 c 206 z 694 jlev 1 zsol 17312
node 2 j 0 i 0 c 488 z 488 jlev 0 zsol 17800
0 3 1 3 1 2 3 3 0 3 2 2 0 1 2 0 2 1 2 0 2 3 1 2 2 2 3 1 1 2 3 1 3 2 1 2 1 1 1 1 1 3 1 1 1 1 1 2 1 1 1 2 
FNew zub: 17800
node 17638 j 51 i 2 c 281 z 17291 jlev 51 zsol 281
node 17636 j 50 i 1 c 921 z 17010 jlev 50 zsol 1202
node 17631 j 49 i 1 c 423 z 16089 jlev 49 zsol 1625
node 17622 j 48 i 1 c 748 z 15666 jlev 48 zsol 2373
node 17611 j 47 i 2 c 282 z 14918 jlev 47 zsol 2655
node 17605 j 46 i 1 c 387 z 14636 jlev 46 zsol 3042
node 17599 j 45 i 1 c 171 z 14249 jlev 45 zsol 3213
node 16999 j 44 i 1 c 712 z 14078 jlev 44 zsol 3925
node 16992 j 43 i 1 c 567 z 13366 jlev 43 zsol 4492
node 16401 j 42 i 1 c 863 z 12799 jlev 42 zsol 5355
node 16390 j 41 i 2 c 344 z 11936 jlev 41 zsol 5699
node 16384 j 40 i 0 c 80 z 11592 jlev 40 zsol 5779
node 16375 j 39 i 1 c 975 z 11512 jlev 39 zsol 6754
node 16368 j 38 i 1 c 449 z 10537 jlev 38 zsol 7203
node 16361 j 37 i 1 c 288 z 10088 jlev 37 zsol 7491
node 16355 j 36 i 1 c 310 z 9800 jlev 36 zsol 7801
node 16346 j 35 i 2 c 307 z 9490 jlev 35 zsol 8108
node 16337 j 34 i 3 c 305 z 9183 jlev 34 zsol 8413
node 16326 j 33 i 2 c 262 z 8878 jlev 33 zsol 8675
node 15159 j 32 i 2 c 249 z 8616 jlev 32 zsol 8924
node 15139 j 31 i 1 c 637 z 8367 jlev 31 zsol 9561
node 15128 j 30 i 3 c 477 z 7730 jlev 30 zsol 10038
node 13951 j 29 i 2 c 321 z 7253 jlev 29 zsol 10359
node 13933 j 28 i 1 c 461 z 6932 jlev 28 zsol 10820
node 13917 j 27 i 1 c 123 z 6471 jlev 27 zsol 10943
node 13906 j 26 i 3 c 354 z 6348 jlev 26 zsol 11297
node 11004 j 25 i 2 c 188 z 5994 jlev 25 zsol 11485
node 10990 j 24 i 2 c 169 z 5806 jlev 24 zsol 11654
node 10976 j 23 i 2 c 123 z 5637 jlev 23 zsol 11777
node 10371 j 22 i 1 c 303 z 5514 jlev 22 zsol 12080
node 10356 j 21 i 3 c 94 z 5211 jlev 21 zsol 12174
node 10341 j 20 i 3 c 245 z 5117 jlev 20 zsol 12419
node 10331 j 19 i 0 c 133 z 4872 jlev 19 zsol 12552
node 9743 j 18 i 2 c 251 z 4739 jlev 18 zsol 12803
node 9724 j 17 i 1 c 313 z 4488 jlev 17 zsol 13116
node 9695 j 16 i 2 c 202 z 4175 jlev 16 zsol 13318
node 9679 j 15 i 0 c 86 z 3973 jlev 15 zsol 13404
node 9656 j 14 i 2 c 322 z 3887 jlev 14 zsol 13726
node 9636 j 13 i 1 c 298 z 3565 jlev 13 zsol 14024
node 9622 j 12 i 0 c 73 z 3267 jlev 12 zsol 14097
node 7341 j 11 i 2 c 288 z 3194 jlev 11 zsol 14385
node 2583 j 10 i 2 c 195 z 2906 jlev 10 zsol 14580
node 1970 j 9 i 0 c 213 z 2711 jlev 9 zsol 14793
node 147 j 8 i 1 c 456 z 2498 jlev 8 zsol 15249
node 126 j 7 i 3 c 123 z 2042 jlev 7 zsol 15372
node 106 j 6 i 3 c 319 z 1919 jlev 6 zsol 15691
node 86 j 5 i 2 c 172 z 1600 jlev 5 zsol 15863
node 66 j 4 i 1 c 394 z 1428 jlev 4 zsol 16257
node 46 j 3 i 3 c 224 z 1034 jlev 3 zsol 16481
node 26 j 2 i 1 c 116 z 810 jlev 2 zsol 16597
node 10 j 1 i 3 c 206 z 694 jlev 1 zsol 16803
node 2 j 0 i 0 c 488 z 488 jlev 0 zsol 17291
0 3 1 3 1 2 3 3 1 0 2 2 0 1 2 0 2 1 2 0 3 3 1 2 2 2 3 1 1 2 3 1 2 2 3 2 1 1 1 1 0 2 1 1 1 1 1 2 1 1 1 2 
FNew zub: 17291
node 19969 j 51 i 2 c 281 z 17288 jlev 51 zsol 281
node 19964 j 50 i 1 c 921 z 17007 jlev 50 zsol 1202
node 19959 j 49 i 1 c 423 z 16086 jlev 49 zsol 1625
node 19381 j 48 i 1 c 748 z 15663 jlev 48 zsol 2373
node 18786 j 47 i 3 c 304 z 14915 jlev 47 zsol 2677
node 18775 j 46 i 1 c 387 z 14611 jlev 46 zsol 3064
node 18769 j 45 i 1 c 171 z 14224 jlev 45 zsol 3235
node 18761 j 44 i 1 c 712 z 14053 jlev 44 zsol 3947
node 18755 j 43 i 1 c 567 z 13341 jlev 43 zsol 4514
node 18748 j 42 i 1 c 863 z 12774 jlev 42 zsol 5377
node 18737 j 41 i 3 c 151 z 11911 jlev 41 zsol 5528
node 18155 j 40 i 2 c 222 z 11760 jlev 40 zsol 5750
node 18146 j 39 i 1 c 975 z 11538 jlev 39 zsol 6725
node 18139 j 38 i 1 c 449 z 10563 jlev 38 zsol 7174
node 18132 j 37 i 1 c 288 z 10114 jlev 37 zsol 7462
node 18126 j 36 i 1 c 310 z 9826 jlev 36 zsol 7772
node 18118 j 35 i 2 c 307 z 9516 jlev 35 zsol 8079
node 16338 j 34 i 0 c 331 z 9209 jlev 34 zsol 8410
node 16326 j 33 i 2 c 262 z 8878 jlev 33 zsol 8672
node 15159 j 32 i 2 c 249 z 8616 jlev 32 zsol 8921
node 15139 j 31 i 1 c 637 z 8367 jlev 31 zsol 9558
node 15128 j 30 i 3 c 477 z 7730 jlev 30 zsol 10035
node 13951 j 29 i 2 c 321 z 7253 jlev 29 zsol 10356
node 13933 j 28 i 1 c 461 z 6932 jlev 28 zsol 10817
node 13917 j 27 i 1 c 123 z 6471 jlev 27 zsol 10940
node 13906 j 26 i 3 c 354 z 6348 jlev 26 zsol 11294
node 11004 j 25 i 2 c 188 z 5994 jlev 25 zsol 11482
node 10990 j 24 i 2 c 169 z 5806 jlev 24 zsol 11651
node 10976 j 23 i 2 c 123 z 5637 jlev 23 zsol 11774
node 10371 j 22 i 1 c 303 z 5514 jlev 22 zsol 12077
node 10356 j 21 i 3 c 94 z 5211 jlev 21 zsol 12171
node 10341 j 20 i 3 c 245 z 5117 jlev 20 zsol 12416
node 10331 j 19 i 0 c 133 z 4872 jlev 19 zsol 12549
node 9743 j 18 i 2 c 251 z 4739 jlev 18 zsol 12800
node 9724 j 17 i 1 c 313 z 4488 jlev 17 zsol 13113
node 9695 j 16 i 2 c 202 z 4175 jlev 16 zsol 13315
node 9679 j 15 i 0 c 86 z 3973 jlev 15 zsol 13401
node 9656 j 14 i 2 c 322 z 3887 jlev 14 zsol 13723
node 9636 j 13 i 1 c 298 z 3565 jlev 13 zsol 14021
node 9622 j 12 i 0 c 73 z 3267 jlev 12 zsol 14094
node 7341 j 11 i 2 c 288 z 3194 jlev 11 zsol 14382
node 2583 j 10 i 2 c 195 z 2906 jlev 10 zsol 14577
node 1970 j 9 i 0 c 213 z 2711 jlev 9 zsol 14790
node 147 j 8 i 1 c 456 z 2498 jlev 8 zsol 15246
node 126 j 7 i 3 c 123 z 2042 jlev 7 zsol 15369
node 106 j 6 i 3 c 319 z 1919 jlev 6 zsol 15688
node 86 j 5 i 2 c 172 z 1600 jlev 5 zsol 15860
node 66 j 4 i 1 c 394 z 1428 jlev 4 zsol 16254
node 46 j 3 i 3 c 224 z 1034 jlev 3 zsol 16478
node 26 j 2 i 1 c 116 z 810 jlev 2 zsol 16594
node 10 j 1 i 3 c 206 z 694 jlev 1 zsol 16800
node 2 j 0 i 0 c 488 z 488 jlev 0 zsol 17288
0 3 1 3 1 2 3 3 1 0 2 2 0 1 2 0 2 1 2 0 3 3 1 2 2 2 3 1 1 2 3 1 2 2 0 2 1 1 1 1 2 3 1 1 1 1 1 3 1 1 1 2 
FNew zub: 17288
node 22925 j 51 i 2 c 281 z 17221 jlev 51 zsol 281
node 22923 j 50 i 1 c 921 z 16940 jlev 50 zsol 1202
node 22918 j 49 i 1 c 423 z 16019 jlev 49 zsol 1625
node 22912 j 48 i 1 c 748 z 15596 jlev 48 zsol 2373
node 22903 j 47 i 2 c 282 z 14848 jlev 47 zsol 2655
node 22895 j 46 i 1 c 387 z 14566 jlev 46 zsol 3042
node 22889 j 45 i 1 c 171 z 14179 jlev 45 zsol 3213
node 22882 j 44 i 1 c 712 z 14008 jlev 44 zsol 3925
node 22876 j 43 i 1 c 567 z 13296 jlev 43 zsol 4492
node 22869 j 42 i 1 c 863 z 12729 jlev 42 zsol 5355
node 22861 j 41 i 2 c 344 z 11866 jlev 41 zsol 5699
node 22858 j 40 i 0 c 80 z 11522 jlev 40 zsol 5779
node 21660 j 39 i 1 c 975 z 11442 jlev 39 zsol 6754
node 21079 j 38 i 1 c 449 z 10467 jlev 38 zsol 7203
node 21070 j 37 i 1 c 288 z 10018 jlev 37 zsol 7491
node 21059 j 36 i 1 c 310 z 9730 jlev 36 zsol 7801
node 21051 j 35 i 2 c 307 z 9420 jlev 35 zsol 8108
node 21040 j 34 i 3 c 305 z 9113 jlev 34 zsol 8413
node 21029 j 33 i 2 c 262 z 8808 jlev 33 zsol 8675
node 21016 j 32 i 2 c 249 z 8546 jlev 32 zsol 8924
node 20999 j 31 i 1 c 637 z 8297 jlev 31 zsol 9561
node 20984 j 30 i 3 c 477 z 7660 jlev 30 zsol 10038
node 20979 j 29 i 3 c 219 z 7183 jlev 29 zsol 10257
node 20364 j 28 i 1 c 461 z 6964 jlev 28 zsol 10718
node 20352 j 27 i 1 c 123 z 6503 jlev 27 zsol 10841
node 20342 j 26 i 3 c 354 z 6380 jlev 26 zsol 11195
node 15058 j 25 i 2 c 188 z 6026 jlev 25 zsol 11383
node 15044 j 24 i 2 c 169 z 5838 jlev 24 zsol 11552
node 15030 j 23 i 2 c 123 z 5669 jlev 23 zsol 11675
node 10954 j 22 i 1 c 303 z 5546 jlev 22 zsol 11978
node 10938 j 21 i 3 c 94 z 5243 jlev 21 zsol 12072
node 10342 j 20 i 2 c 277 z 5149 jlev 20 zsol 12349
node 10331 j 19 i 0 c 133 z 4872 jlev 19 zsol 12482
node 9743 j 18 i 2 c 251 z 4739 jlev 18 zsol 12733
node 9724 j 17 i 1 c 313 z 4488 jlev 17 zsol 13046
node 9695 j 16 i 2 c 202 z 4175 jlev 16 zsol 13248
node 9679 j 15 i 0 c 86 z 3973 jlev 15 zsol 13334
node 9656 j 14 i 2 c 322 z 3887 jlev 14 zsol 13656
node 9636 j 13 i 1 c 298 z 3565 jlev 13 zsol 13954
node 9622 j 12 i 0 c 73 z 3267 jlev 12 zsol 14027
node 7341 j 11 i 2 c 288 z 3194 jlev 11 zsol 14315
node 2583 j 10 i 2 c 195 z 2906 jlev 10 zsol 14510
node 1970 j 9 i 0 c 213 z 2711 jlev 9 zsol 14723
node 147 j 8 i 1 c 456 z 2498 jlev 8 zsol 15179
node 126 j 7 i 3 c 123 z 2042 jlev 7 zsol 15302
node 106 j 6 i 3 c 319 z 1919 jlev 6 zsol 15621
node 86 j 5 i 2 c 172 z 1600 jlev 5 zsol 15793
node 66 j 4 i 1 c 394 z 1428 jlev 4 zsol 16187
node 46 j 3 i 3 c 224 z 1034 jlev 3 zsol 16411
node 26 j 2 i 1 c 116 z 810 jlev 2 zsol 16527
node 10 j 1 i 3 c 206 z 694 jlev 1 zsol 16733
node 2 j 0 i 0 c 488 z 488 jlev 0 zsol 17221
0 3 1 3 1 2 3 3 1 0 2 2 0 1 2 0 2 1 2 0 2 3 1 2 2 2 3 1 1 3 3 1 2 2 3 2 1 1 1 1 0 2 1 1 1 1 1 2 1 1 1 2 
FNew zub: 17221
node 25317 j 51 i 2 c 281 z 16970 jlev 51 zsol 281
node 25316 j 50 i 1 c 921 z 16689 jlev 50 zsol 1202
node 25310 j 49 i 1 c 423 z 15768 jlev 49 zsol 1625
node 25303 j 48 i 1 c 748 z 15345 jlev 48 zsol 2373
node 25298 j 47 i 2 c 282 z 14597 jlev 47 zsol 2655
node 25289 j 46 i 1 c 387 z 14315 jlev 46 zsol 3042
node 25283 j 45 i 1 c 171 z 13928 jlev 45 zsol 3213
node 25277 j 44 i 1 c 712 z 13757 jlev 44 zsol 3925
node 25270 j 43 i 1 c 567 z 13045 jlev 43 zsol 4492
node 25260 j 42 i 1 c 863 z 12478 jlev 42 zsol 5355
node 25248 j 41 i 3 c 151 z 11615 jlev 41 zsol 5506
node 25242 j 40 i 2 c 222 z 11464 jlev 40 zsol 5728
node 24649 j 39 i 1 c 975 z 11242 jlev 39 zsol 6703
node 24636 j 38 i 1 c 449 z 10267 jlev 38 zsol 7152
node 24628 j 37 i 1 c 288 z 9818 jlev 37 zsol 7440
node 24621 j 36 i 1 c 310 z 9530 jlev 36 zsol 7750
node 24615 j 35 i 3 c 140 z 9220 jlev 35 zsol 7890
node 24603 j 34 i 0 c 331 z 9080 jlev 34 zsol 8221
node 24585 j 33 i 2 c 262 z 8749 jlev 33 zsol 8483
node 24578 j 32 i 3 c 88 z 8487 jlev 32 zsol 8571
node 24560 j 31 i 1 c 637 z 8399 jlev 31 zsol 9208
node 24553 j 30 i 3 c 477 z 7762 jlev 30 zsol 9685
node 20980 j 29 i 2 c 321 z 7285 jlev 29 zsol 10006
node 20364 j 28 i 1 c 461 z 6964 jlev 28 zsol 10467
node 20352 j 27 i 1 c 123 z 6503 jlev 27 zsol 10590
node 20342 j 26 i 3 c 354 z 6380 jlev 26 zsol 10944
node 15058 j 25 i 2 c 188 z 6026 jlev 25 zsol 11132
node 15044 j 24 i 2 c 169 z 5838 jlev 24 zsol 11301
node 15030 j 23 i 2 c 123 z 5669 jlev 23 zsol 11424
node 10954 j 22 i 1 c 303 z 5546 jlev 22 zsol 11727
node 10938 j 21 i 3 c 94 z 5243 jlev 21 zsol 11821
node 10342 j 20 i 2 c 277 z 5149 jlev 20 zsol 12098
node 10331 j 19 i 0 c 133 z 4872 jlev 19 zsol 12231
node 9743 j 18 i 2 c 251 z 4739 jlev 18 zsol 12482
node 9724 j 17 i 1 c 313 z 4488 jlev 17 zsol 12795
node 9695 j 16 i 2 c 202 z 4175 jlev 16 zsol 12997
node 9679 j 15 i 0 c 86 z 3973 jlev 15 zsol 13083
node 9656 j 14 i 2 c 322 z 3887 jlev 14 zsol 13405
node 9636 j 13 i 1 c 298 z 3565 jlev 13 zsol 13703
node 9622 j 12 i 0 c 73 z 3267 jlev 12 zsol 13776
node 7341 j 11 i 2 c 288 z 3194 jlev 11 zsol 14064
node 2583 j 10 i 2 c 195 z 2906 jlev 10 zsol 14259
node 1970 j 9 i 0 c 213 z 2711 jlev 9 zsol 14472
node 147 j 8 i 1 c 456 z 2498 jlev 8 zsol 14928
node 126 j 7 i 3 c 123 z 2042 jlev 7 zsol 15051
node 106 j 6 i 3 c 319 z 1919 jlev 6 zsol 15370
node 86 j 5 i 2 c 172 z 1600 jlev 5 zsol 15542
node 66 j 4 i 1 c 394 z 1428 jlev 4 zsol 15936
node 46 j 3 i 3 c 224 z 1034 jlev 3 zsol 16160
node 26 j 2 i 1 c 116 z 810 jlev 2 zsol 16276
node 10 j 1 i 3 c 206 z 694 jlev 1 zsol 16482
node 2 j 0 i 0 c 488 z 488 jlev 0 zsol 16970
0 3 1 3 1 2 3 3 1 0 2 2 0 1 2 0 2 1 2 0 2 3 1 2 2 2 3 1 1 2 3 1 3 2 0 3 1 1 1 1 2 3 1 1 1 1 1 2 1 1 1 2 
FNew zub: 16970
node 28856 j 51 i 2 c 281 z 16963 jlev 51 zsol 281
node 28854 j 50 i 1 c 921 z 16682 jlev 50 zsol 1202
node 28849 j 49 i 1 c 423 z 15761 jlev 49 zsol 1625
node 28842 j 48 i 1 c 748 z 15338 jlev 48 zsol 2373
node 28837 j 47 i 2 c 282 z 14590 jlev 47 zsol 2655
node 28829 j 46 i 1 c 387 z 14308 jlev 46 zsol 3042
node 28823 j 45 i 1 c 171 z 13921 jlev 45 zsol 3213
node 28817 j 44 i 1 c 712 z 13750 jlev 44 zsol 3925
node 28811 j 43 i 1 c 567 z 13038 jlev 43 zsol 4492
node 28805 j 42 i 1 c 863 z 12471 jlev 42 zsol 5355
node 28796 j 41 i 3 c 151 z 11608 jlev 41 zsol 5506
node 28787 j 40 i 0 c 80 z 11457 jlev 40 zsol 5586
node 28774 j 39 i 1 c 975 z 11377 jlev 39 zsol 6561
node 28764 j 38 i 1 c 449 z 10402 jlev 38 zsol 7010
node 28756 j 37 i 1 c 288 z 9953 jlev 37 zsol 7298
node 28748 j 36 i 1 c 310 z 9665 jlev 36 zsol 7608
node 28741 j 35 i 3 c 140 z 9355 jlev 35 zsol 7748
node 28731 j 34 i 3 c 305 z 9215 jlev 34 zsol 8053
node 28717 j 33 i 2 c 262 z 8910 jlev 33 zsol 8315
node 24579 j 32 i 2 c 249 z 8648 jlev 32 zsol 8564
node 24560 j 31 i 1 c 637 z 8399 jlev 31 zsol 9201
node 24553 j 30 i 3 c 477 z 7762 jlev 30 zsol 9678
node 20980 j 29 i 2 c 321 z 7285 jlev 29 zsol 9999
node 20364 j 28 i 1 c 461 z 6964 jlev 28 zsol 10460
node 20352 j 27 i 1 c 123 z 6503 jlev 27 zsol 10583
node 20342 j 26 i 3 c 354 z 6380 jlev 26 zsol 10937
node 15058 j 25 i 2 c 188 z 6026 jlev 25 zsol 11125
node 15044 j 24 i 2 c 169 z 5838 jlev 24 zsol 11294
node 15030 j 23 i 2 c 123 z 5669 jlev 23 zsol 11417
node 10954 j 22 i 1 c 303 z 5546 jlev 22 zsol 11720
node 10938 j 21 i 3 c 94 z 5243 jlev 21 zsol 11814
node 10342 j 20 i 2 c 277 z 5149 jlev 20 zsol 12091
node 10331 j 19 i 0 c 133 z 4872 jlev 19 zsol 12224
node 9743 j 18 i 2 c 251 z 4739 jlev 18 zsol 12475
node 9724 j 17 i 1 c 313 z 4488 jlev 17 zsol 12788
node 9695 j 16 i 2 c 202 z 4175 jlev 16 zsol 12990
node 9679 j 15 i 0 c 86 z 3973 jlev 15 zsol 13076
node 9656 j 14 i 2 c 322 z 3887 jlev 14 zsol 13398
node 9636 j 13 i 1 c 298 z 3565 jlev 13 zsol 13696
node 9622 j 12 i 0 c 73 z 3267 jlev 12 zsol 13769
node 7341 j 11 i 2 c 288 z 3194 jlev 11 zsol 14057
node 2583 j 10 i 2 c 195 z 2906 jlev 10 zsol 14252
node 1970 j 9 i 0 c 213 z 2711 jlev 9 zsol 14465
node 147 j 8 i 1 c 456 z 2498 jlev 8 zsol 14921
node 126 j 7 i 3 c 123 z 2042 jlev 7 zsol 15044
node 106 j 6 i 3 c 319 z 1919 jlev 6 zsol 15363
node 86 j 5 i 2 c 172 z 1600 jlev 5 zsol 15535
node 66 j 4 i 1 c 394 z 1428 jlev 4 zsol 15929
node 46 j 3 i 3 c 224 z 1034 jlev 3 zsol 16153
node 26 j 2 i 1 c 116 z 810 jlev 2 zsol 16269
node 10 j 1 i 3 c 206 z 694 jlev 1 zsol 16475
node 2 j 0 i 0 c 488 z 488 jlev 0 zsol 16963
0 3 1 3 1 2 3 3 1 0 2 2 0 1 2 0 2 1 2 0 2 3 1 2 2 2 3 1 1 2 3 1 2 2 3 3 1 1 1 1 0 3 1 1 1 1 1 2 1 1 1 2 
FNew zub: 16963
node 66274 j 51 i 2 c 281 z 16924 jlev 51 zsol 281
node 66273 j 50 i 1 c 921 z 16643 jlev 50 zsol 1202
node 66268 j 49 i 1 c 423 z 15722 jlev 49 zsol 1625
node 66262 j 48 i 1 c 748 z 15299 jlev 48 zsol 2373
node 66255 j 47 i 2 c 282 z 14551 jlev 47 zsol 2655
node 66247 j 46 i 1 c 387 z 14269 jlev 46 zsol 3042
node 66241 j 45 i 1 c 171 z 13882 jlev 45 zsol 3213
node 66232 j 44 i 1 c 712 z 13711 jlev 44 zsol 3925
node 66226 j 43 i 1 c 567 z 12999 jlev 43 zsol 4492
node 66218 j 42 i 1 c 863 z 12432 jlev 42 zsol 5355
node 66207 j 41 i 2 c 344 z 11569 jlev 41 zsol 5699
node 66197 j 40 i 2 c 222 z 11225 jlev 40 zsol 5921
node 66193 j 39 i 2 c 422 z 11003 jlev 39 zsol 6343
node 60021 j 38 i 1 c 449 z 10581 jlev 38 zsol 6792
node 60011 j 37 i 1 c 288 z 10132 jlev 37 zsol 7080
node 60002 j 36 i 1 c 310 z 9844 jlev 36 zsol 7390
node 59992 j 35 i 2 c 307 z 9534 jlev 35 zsol 7697
node 59988 j 34 i 3 c 305 z 9227 jlev 34 zsol 8002
node 59978 j 33 i 2 c 262 z 8922 jlev 33 zsol 8264
node 59396 j 32 i 2 c 249 z 8660 jlev 32 zsol 8513
node 59382 j 31 i 1 c 637 z 8411 jlev 31 zsol 9150
node 59372 j 30 i 3 c 477 z 7774 jlev 30 zsol 9627
node 58799 j 29 i 2 c 321 z 7297 jlev 29 zsol 9948
node 58789 j 28 i 1 c 461 z 6976 jlev 28 zsol 10409
node 58775 j 27 i 1 c 123 z 6515 jlev 27 zsol 10532
node 58770 j 26 i 3 c 354 z 6392 jlev 26 zsol 10886
node 58180 j 25 i 2 c 188 z 6038 jlev 25 zsol 11074
node 58168 j 24 i 2 c 169 z 5850 jlev 24 zsol 11243
node 58150 j 23 i 2 c 123 z 5681 jlev 23 zsol 11366
node 57005 j 22 i 1 c 303 z 5558 jlev 22 zsol 11669
node 56989 j 21 i 3 c 94 z 5255 jlev 21 zsol 11763
node 56970 j 20 i 1 c 362 z 5161 jlev 20 zsol 12125
node 56949 j 19 i 0 c 133 z 4799 jlev 19 zsol 12258
node 56942 j 18 i 0 c 60 z 4666 jlev 18 zsol 12318
node 54136 j 17 i 1 c 313 z 4606 jlev 17 zsol 12631
node 53561 j 16 i 2 c 202 z 4293 jlev 16 zsol 12833
node 53534 j 15 i 0 c 86 z 4091 jlev 15 zsol 12919
node 20177 j 14 i 2 c 322 z 4005 jlev 14 zsol 13241
node 20156 j 13 i 1 c 298 z 3683 jlev 13 zsol 13539
node 5004 j 12 i 3 c 237 z 3385 jlev 12 zsol 13776
node 3785 j 11 i 2 c 288 z 3148 jlev 11 zsol 14064
node 2582 j 10 i 0 c 149 z 2860 jlev 10 zsol 14213
node 1970 j 9 i 0 c 213 z 2711 jlev 9 zsol 14426
node 147 j 8 i 1 c 456 z 2498 jlev 8 zsol 14882
node 126 j 7 i 3 c 123 z 2042 jlev 7 zsol 15005
node 106 j 6 i 3 c 319 z 1919 jlev 6 zsol 15324
node 86 j 5 i 2 c 172 z 1600 jlev 5 zsol 15496
node 66 j 4 i 1 c 394 z 1428 jlev 4 zsol 15890
node 46 j 3 i 3 c 224 z 1034 jlev 3 zsol 16114
node 26 j 2 i 1 c 116 z 810 jlev 2 zsol 16230
node 10 j 1 i 3 c 206 z 694 jlev 1 zsol 16436
node 2 j 0 i 0 c 488 z 488 jlev 0 zsol 16924
0 3 1 3 1 2 3 3 1 0 0 2 3 1 2 0 2 1 0 0 1 3 1 2 2 2 3 1 1 2 3 1 2 2 3 2 1 1 1 2 2 2 1 1 1 1 1 2 1 1 1 2 
FNew zub: 16924
node 77042 j 51 i 2 c 281 z 16870 jlev 51 zsol 281
node 77040 j 50 i 1 c 921 z 16589 jlev 50 zsol 1202
node 77035 j 49 i 1 c 423 z 15668 jlev 49 zsol 1625
node 77027 j 48 i 1 c 748 z 15245 jlev 48 zsol 2373
node 77019 j 47 i 2 c 282 z 14497 jlev 47 zsol 2655
node 77011 j 46 i 1 c 387 z 14215 jlev 46 zsol 3042
node 77004 j 45 i 1 c 171 z 13828 jlev 45 zsol 3213
node 76994 j 44 i 1 c 712 z 13657 jlev 44 zsol 3925
node 76987 j 43 i 1 c 567 z 12945 jlev 43 zsol 4492
node 76981 j 42 i 2 c 657 z 12378 jlev 42 zsol 5149
node 76974 j 41 i 3 c 151 z 11721 jlev 41 zsol 5300
node 76970 j 40 i 0 c 80 z 11570 jlev 40 zsol 5380
node 75790 j 39 i 1 c 975 z 11490 jlev 39 zsol 6355
node 75780 j 38 i 1 c 449 z 10515 jlev 38 zsol 6804
node 75771 j 37 i 1 c 288 z 10066 jlev 37 zsol 7092
node 75763 j 36 i 1 c 310 z 9778 jlev 36 zsol 7402
node 75757 j 35 i 3 c 140 z 9468 jlev 35 zsol 7542
node 24605 j 34 i 1 c 579 z 9328 jlev 34 zsol 8121
node 24585 j 33 i 2 c 262 z 8749 jlev 33 zsol 8383
node 24578 j 32 i 3 c 88 z 8487 jlev 32 zsol 8471
node 24560 j 31 i 1 c 637 z 8399 jlev 31 zsol 9108
node 24553 j 30 i 3 c 477 z 7762 jlev 30 zsol 9585
node 20980 j 29 i 2 c 321 z 7285 jlev 29 zsol 9906
node 20364 j 28 i 1 c 461 z 6964 jlev 28 zsol 10367
node 20352 j 27 i 1 c 123 z 6503 jlev 27 zsol 10490
node 20342 j 26 i 3 c 354 z 6380 jlev 26 zsol 10844
node 15058 j 25 i 2 c 188 z 6026 jlev 25 zsol 11032
node 15044 j 24 i 2 c 169 z 5838 jlev 24 zsol 11201
node 15030 j 23 i 2 c 123 z 5669 jlev 23 zsol 11324
node 10954 j 22 i 1 c 303 z 5546 jlev 22 zsol 11627
node 10938 j 21 i 3 c 94 z 5243 jlev 21 zsol 11721
node 10342 j 20 i 2 c 277 z 5149 jlev 20 zsol 11998
node 10331 j 19 i 0 c 133 z 4872 jlev 19 zsol 12131
node 9743 j 18 i 2 c 251 z 4739 jlev 18 zsol 12382
node 9724 j 17 i 1 c 313 z 4488 jlev 17 zsol 12695
node 9695 j 16 i 2 c 202 z 4175 jlev 16 zsol 12897
node 9679 j 15 i 0 c 86 z 3973 jlev 15 zsol 12983
node 9656 j 14 i 2 c 322 z 3887 jlev 14 zsol 13305
node 9636 j 13 i 1 c 298 z 3565 jlev 13 zsol 13603
node 9622 j 12 i 0 c 73 z 3267 jlev 12 zsol 13676
node 7341 j 11 i 2 c 288 z 3194 jlev 11 zsol 13964
node 2583 j 10 i 2 c 195 z 2906 jlev 10 zsol 14159
node 1970 j 9 i 0 c 213 z 2711 jlev 9 zsol 14372
node 147 j 8 i 1 c 456 z 2498 jlev 8 zsol 14828
node 126 j 7 i 3 c 123 z 2042 jlev 7 zsol 14951
node 106 j 6 i 3 c 319 z 1919 jlev 6 zsol 15270
node 86 j 5 i 2 c 172 z 1600 jlev 5 zsol 15442
node 66 j 4 i 1 c 394 z 1428 jlev 4 zsol 15836
node 46 j 3 i 3 c 224 z 1034 jlev 3 zsol 16060
node 26 j 2 i 1 c 116 z 810 jlev 2 zsol 16176
node 10 j 1 i 3 c 206 z 694 jlev 1 zsol 16382
node 2 j 0 i 0 c 488 z 488 jlev 0 zsol 16870
0 3 1 3 1 2 3 3 1 0 2 2 0 1 2 0 2 1 2 0 2 3 1 2 2 2 3 1 1 2 3 1 3 2 1 3 1 1 1 1 0 3 2 1 1 1 1 2 1 1 1 2 
FNew zub: 16870
node 79331 j 51 i 2 c 281 z 16845 jlev 51 zsol 281
node 79327 j 50 i 1 c 921 z 16564 jlev 50 zsol 1202
node 79320 j 49 i 1 c 423 z 15643 jlev 49 zsol 1625
node 79313 j 48 i 2 c 517 z 15220 jlev 48 zsol 2142
node 79301 j 47 i 2 c 282 z 14703 jlev 47 zsol 2424
node 78722 j 46 i 1 c 387 z 14421 jlev 46 zsol 2811
node 78715 j 45 i 1 c 171 z 14034 jlev 45 zsol 2982
node 76998 j 44 i 1 c 712 z 13863 jlev 44 zsol 3694
node 76989 j 43 i 1 c 567 z 13151 jlev 43 zsol 4261
node 76982 j 42 i 1 c 863 z 12584 jlev 42 zsol 5124
node 76974 j 41 i 3 c 151 z 11721 jlev 41 zsol 5275
node 76970 j 40 i 0 c 80 z 11570 jlev 40 zsol 5355
node 75790 j 39 i 1 c 975 z 11490 jlev 39 zsol 6330
node 75780 j 38 i 1 c 449 z 10515 jlev 38 zsol 6779
node 75771 j 37 i 1 c 288 z 10066 jlev 37 zsol 7067
node 75763 j 36 i 1 c 310 z 9778 jlev 36 zsol 7377
node 75757 j 35 i 3 c 140 z 9468 jlev 35 zsol 7517
node 24605 j 34 i 1 c 579 z 9328 jlev 34 zsol 8096
node 24585 j 33 i 2 c 262 z 8749 jlev 33 zsol 8358
node 24578 j 32 i 3 c 88 z 8487 jlev 32 zsol 8446
node 24560 j 31 i 1 c 637 z 8399 jlev 31 zsol 9083
node 24553 j 30 i 3 c 477 z 7762 jlev 30 zsol 9560
node 20980 j 29 i 2 c 321 z 7285 jlev 29 zsol 9881
node 20364 j 28 i 1 c 461 z 6964 jlev 28 zsol 10342
node 20352 j 27 i 1 c 123 z 6503 jlev 27 zsol 10465
node 20342 j 26 i 3 c 354 z 6380 jlev 26 zsol 10819
node 15058 j 25 i 2 c 188 z 6026 jlev 25 zsol 11007
node 15044 j 24 i 2 c 169 z 5838 jlev 24 zsol 11176
node 15030 j 23 i 2 c 123 z 5669 jlev 23 zsol 11299
node 10954 j 22 i 1 c 303 z 5546 jlev 22 zsol 11602
node 10938 j 21 i 3 c 94 z 5243 jlev 21 zsol 11696
node 10342 j 20 i 2 c 277 z 5149 jlev 20 zsol 11973
node 10331 j 19 i 0 c 133 z 4872 jlev 19 zsol 12106
node 9743 j 18 i 2 c 251 z 4739 jlev 18 zsol 12357
node 9724 j 17 i 1 c 313 z 4488 jlev 17 zsol 12670
node 9695 j 16 i 2 c 202 z 4175 jlev 16 zsol 12872
node 9679 j 15 i 0 c 86 z 3973 jlev 15 zsol 12958
node 9656 j 14 i 2 c 322 z 3887 jlev 14 zsol 13280
node 9636 j 13 i 1 c 298 z 3565 jlev 13 zsol 13578
node 9622 j 12 i 0 c 73 z 3267 jlev 12 zsol 13651
node 7341 j 11 i 2 c 288 z 3194 jlev 11 zsol 13939
node 2583 j 10 i 2 c 195 z 2906 jlev 10 zsol 14134
node 1970 j 9 i 0 c 213 z 2711 jlev 9 zsol 14347
node 147 j 8 i 1 c 456 z 2498 jlev 8 zsol 14803
node 126 j 7 i 3 c 123 z 2042 jlev 7 zsol 14926
node 106 j 6 i 3 c 319 z 1919 jlev 6 zsol 15245
node 86 j 5 i 2 c 172 z 1600 jlev 5 zsol 15417
node 66 j 4 i 1 c 394 z 1428 jlev 4 zsol 15811
node 46 j 3 i 3 c 224 z 1034 jlev 3 zsol 16035
node 26 j 2 i 1 c 116 z 810 jlev 2 zsol 16151
node 10 j 1 i 3 c 206 z 694 jlev 1 zsol 16357
node 2 j 0 i 0 c 488 z 488 jlev 0 zsol 16845
0 3 1 3 1 2 3 3 1 0 2 2 0 1 2 0 2 1 2 0 2 3 1 2 2 2 3 1 1 2 3 1 3 2 1 3 1 1 1 1 0 3 1 1 1 1 1 2 2 1 1 2 
FNew zub: 16845
node 96912 j 51 i 2 c 281 z 16773 jlev 51 zsol 281
node 96910 j 50 i 1 c 921 z 16492 jlev 50 zsol 1202
node 96904 j 49 i 1 c 423 z 15571 jlev 49 zsol 1625
node 96898 j 48 i 0 c 303 z 15148 jlev 48 zsol 1928
node 96889 j 47 i 2 c 282 z 14845 jlev 47 zsol 2210
node 89494 j 46 i 1 c 387 z 14563 jlev 46 zsol 2597
node 89488 j 45 i 1 c 171 z 14176 jlev 45 zsol 2768
node 78707 j 44 i 1 c 712 z 14005 jlev 44 zsol 3480
node 78144 j 43 i 1 c 567 z 13293 jlev 43 zsol 4047
node 78135 j 42 i 1 c 863 z 12726 jlev 42 zsol 4910
node 78128 j 41 i 3 c 151 z 11863 jlev 41 zsol 5061
node 76971 j 40 i 2 c 222 z 11712 jlev 40 zsol 5283
node 75790 j 39 i 1 c 975 z 11490 jlev 39 zsol 6258
node 75780 j 38 i 1 c 449 z 10515 jlev 38 zsol 6707
node 75771 j 37 i 1 c 288 z 10066 jlev 37 zsol 6995
node 75763 j 36 i 1 c 310 z 9778 jlev 36 zsol 7305
node 75757 j 35 i 3 c 140 z 9468 jlev 35 zsol 7445
node 24605 j 34 i 1 c 579 z 9328 jlev 34 zsol 8024
node 24585 j 33 i 2 c 262 z 8749 jlev 33 zsol 8286
node 24578 j 32 i 3 c 88 z 8487 jlev 32 zsol 8374
node 24560 j 31 i 1 c 637 z 8399 jlev 31 zsol 9011
node 24553 j 30 i 3 c 477 z 7762 jlev 30 zsol 9488
node 20980 j 29 i 2 c 321 z 7285 jlev 29 zsol 9809
node 20364 j 28 i 1 c 461 z 6964 jlev 28 zsol 10270
node 20352 j 27 i 1 c 123 z 6503 jlev 27 zsol 10393
node 20342 j 26 i 3 c 354 z 6380 jlev 26 zsol 10747
node 15058 j 25 i 2 c 188 z 6026 jlev 25 zsol 10935
node 15044 j 24 i 2 c 169 z 5838 jlev 24 zsol 11104
node 15030 j 23 i 2 c 123 z 5669 jlev 23 zsol 11227
node 10954 j 22 i 1 c 303 z 5546 jlev 22 zsol 11530
node 10938 j 21 i 3 c 94 z 5243 jlev 21 zsol 11624
node 10342 j 20 i 2 c 277 z 5149 jlev 20 zsol 11901
node 10331 j 19 i 0 c 133 z 4872 jlev 19 zsol 12034
node 9743 j 18 i 2 c 251 z 4739 jlev 18 zsol 12285
node 9724 j 17 i 1 c 313 z 4488 jlev 17 zsol 12598
node 9695 j 16 i 2 c 202 z 4175 jlev 16 zsol 12800
node 9679 j 15 i 0 c 86 z 3973 jlev 15 zsol 12886
node 9656 j 14 i 2 c 322 z 3887 jlev 14 zsol 13208
node 9636 j 13 i 1 c 298 z 3565 jlev 13 zsol 13506
node 9622 j 12 i 0 c 73 z 3267 jlev 12 zsol 13579
node 7341 j 11 i 2 c 288 z 3194 jlev 11 zsol 13867
node 2583 j 10 i 2 c 195 z 2906 jlev 10 zsol 14062
node 1970 j 9 i 0 c 213 z 2711 jlev 9 zsol 14275
node 147 j 8 i 1 c 456 z 2498 jlev 8 zsol 14731
node 126 j 7 i 3 c 123 z 2042 jlev 7 zsol 14854
node 106 j 6 i 3 c 319 z 1919 jlev 6 zsol 15173
node 86 j 5 i 2 c 172 z 1600 jlev 5 zsol 15345
node 66 j 4 i 1 c 394 z 1428 jlev 4 zsol 15739
node 46 j 3 i 3 c 224 z 1034 jlev 3 zsol 15963
node 26 j 2 i 1 c 116 z 810 jlev 2 zsol 16079
node 10 j 1 i 3 c 206 z 694 jlev 1 zsol 16285
node 2 j 0 i 0 c 488 z 488 jlev 0 zsol 16773
0 3 1 3 1 2 3 3 1 0 2 2 0 1 2 0 2 1 2 0 2 3 1 2 2 2 3 1 1 2 3 1 3 2 1 3 1 1 1 1 2 3 1 1 1 1 1 2 0 1 1 2 
FNew zub: 16773
node 126201 j 51 i 2 c 281 z 16738 jlev 51 zsol 281
node 126199 j 50 i 1 c 921 z 16457 jlev 50 zsol 1202
node 126194 j 49 i 1 c 423 z 15536 jlev 49 zsol 1625
node 126185 j 48 i 1 c 748 z 15113 jlev 48 zsol 2373
node 125602 j 47 i 3 c 304 z 14365 jlev 47 zsol 2677
node 125591 j 46 i 1 c 387 z 14061 jlev 46 zsol 3064
node 125585 j 45 i 1 c 171 z 13674 jlev 45 zsol 3235
node 125578 j 44 i 1 c 712 z 13503 jlev 44 zsol 3947
node 125572 j 43 i 1 c 567 z 12791 jlev 43 zsol 4514
node 125564 j 42 i 1 c 863 z 12224 jlev 42 zsol 5377
node 125555 j 41 i 2 c 344 z 11361 jlev 41 zsol 5721
node 125547 j 40 i 2 c 222 z 11017 jlev 40 zsol 5943
node 125540 j 39 i 2 c 422 z 10795 jlev 39 zsol 6365
node 125528 j 38 i 1 c 449 z 10373 jlev 38 zsol 6814
node 125518 j 37 i 1 c 288 z 9924 jlev 37 zsol 7102
node 125510 j 36 i 1 c 310 z 9636 jlev 36 zsol 7412
node 125500 j 35 i 2 c 307 z 9326 jlev 35 zsol 7719
node 125491 j 34 i 3 c 305 z 9019 jlev 34 zsol 8024
node 125481 j 33 i 2 c 262 z 8714 jlev 33 zsol 8286
node 125476 j 32 i 3 c 88 z 8452 jlev 32 zsol 8374
node 125462 j 31 i 1 c 637 z 8364 jlev 31 zsol 9011
node 125452 j 30 i 3 c 477 z 7727 jlev 30 zsol 9488
node 121553 j 29 i 1 c 414 z 7250 jlev 29 zsol 9902
node 121538 j 28 i 1 c 461 z 6836 jlev 28 zsol 10363
node 121525 j 27 i 1 c 123 z 6375 jlev 27 zsol 10486
node 121515 j 26 i 0 c 253 z 6252 jlev 26 zsol 10739
node 120932 j 25 i 2 c 188 z 5999 jlev 25 zsol 10927
node 120915 j 24 i 2 c 169 z 5811 jlev 24 zsol 11096
node 120344 j 23 i 2 c 123 z 5642 jlev 23 zsol 11219
node 120322 j 22 i 1 c 303 z 5519 jlev 22 zsol 11522
node 120307 j 21 i 3 c 94 z 5216 jlev 21 zsol 11616
node 120290 j 20 i 2 c 277 z 5122 jlev 20 zsol 11893
node 120274 j 19 i 0 c 133 z 4845 jlev 19 zsol 12026
node 120257 j 18 i 0 c 60 z 4712 jlev 18 zsol 12086
node 98840 j 17 i 1 c 313 z 4652 jlev 17 zsol 12399
node 98812 j 16 i 2 c 202 z 4339 jlev 16 zsol 12601
node 98789 j 15 i 0 c 86 z 4137 jlev 15 zsol 12687
node 47307 j 14 i 2 c 322 z 4051 jlev 14 zsol 13009
node 43877 j 13 i 1 c 298 z 3729 jlev 13 zsol 13307
node 9623 j 12 i 3 c 237 z 3431 jlev 12 zsol 13544
node 7341 j 11 i 2 c 288 z 3194 jlev 11 zsol 13832
node 2583 j 10 i 2 c 195 z 2906 jlev 10 zsol 14027
node 1970 j 9 i 0 c 213 z 2711 jlev 9 zsol 14240
node 147 j 8 i 1 c 456 z 2498 jlev 8 zsol 14696
node 126 j 7 i 3 c 123 z 2042 jlev 7 zsol 14819
node 106 j 6 i 3 c 319 z 1919 jlev 6 zsol 15138
node 86 j 5 i 2 c 172 z 1600 jlev 5 zsol 15310
node 66 j 4 i 1 c 394 z 1428 jlev 4 zsol 15704
node 46 j 3 i 3 c 224 z 1034 jlev 3 zsol 15928
node 26 j 2 i 1 c 116 z 810 jlev 2 zsol 16044
node 10 j 1 i 3 c 206 z 694 jlev 1 zsol 16250
node 2 j 0 i 0 c 488 z 488 jlev 0 zsol 16738
0 3 1 3 1 2 3 3 1 0 2 2 3 1 2 0 2 1 0 0 2 3 1 2 2 2 0 1 1 1 3 1 3 2 3 2 1 1 1 2 2 2 1 1 1 1 1 3 1 1 1 2 
FNew zub: 16738
node 137300 j 51 i 2 c 281 z 16710 jlev 51 zsol 281
node 137298 j 50 i 1 c 921 z 16429 jlev 50 zsol 1202
node 137293 j 49 i 1 c 423 z 15508 jlev 49 zsol 1625
node 137287 j 48 i 1 c 748 z 15085 jlev 48 zsol 2373
node 137281 j 47 i 2 c 282 z 14337 jlev 47 zsol 2655
node 137270 j 46 i 1 c 387 z 14055 jlev 46 zsol 3042
node 137264 j 45 i 1 c 171 z 13668 jlev 45 zsol 3213
node 137258 j 44 i 1 c 712 z 13497 jlev 44 zsol 3925
node 137252 j 43 i 1 c 567 z 12785 jlev 43 zsol 4492
node 137246 j 42 i 1 c 863 z 12218 jlev 42 zsol 5355
node 137238 j 41 i 2 c 344 z 11355 jlev 41 zsol 5699
node 137228 j 40 i 2 c 222 z 11011 jlev 40 zsol 5921
node 137220 j 39 i 2 c 422 z 10789 jlev 39 zsol 6343
node 137205 j 38 i 1 c 449 z 10367 jlev 38 zsol 6792
node 137194 j 37 i 1 c 288 z 9918 jlev 37 zsol 7080
node 137185 j 36 i 1 c 310 z 9630 jlev 36 zsol 7390
node 137175 j 35 i 3 c 140 z 9320 jlev 35 zsol 7530
node 137167 j 34 i 3 c 305 z 9180 jlev 34 zsol 7835
node 135542 j 33 i 2 c 262 z 8875 jlev 33 zsol 8097
node 125477 j 32 i 2 c 249 z 8613 jlev 32 zsol 8346
node 125462 j 31 i 1 c 637 z 8364 jlev 31 zsol 8983
node 125452 j 30 i 3 c 477 z 7727 jlev 30 zsol 9460
node 121553 j 29 i 1 c 414 z 7250 jlev 29 zsol 9874
node 121538 j 28 i 1 c 461 z 6836 jlev 28 zsol 10335
node 121525 j 27 i 1 c 123 z 6375 jlev 27 zsol 10458
node 121515 j 26 i 0 c 253 z 6252 jlev 26 zsol 10711
node 120932 j 25 i 2 c 188 z 5999 jlev 25 zsol 10899
node 120915 j 24 i 2 c 169 z 5811 jlev 24 zsol 11068
node 120344 j 23 i 2 c 123 z 5642 jlev 23 zsol 11191
node 120322 j 22 i 1 c 303 z 5519 jlev 22 zsol 11494
node 120307 j 21 i 3 c 94 z 5216 jlev 21 zsol 11588
node 120290 j 20 i 2 c 277 z 5122 jlev 20 zsol 11865
node 120274 j 19 i 0 c 133 z 4845 jlev 19 zsol 11998
node 120257 j 18 i 0 c 60 z 4712 jlev 18 zsol 12058
node 98840 j 17 i 1 c 313 z 4652 jlev 17 zsol 12371
node 98812 j 16 i 2 c 202 z 4339 jlev 16 zsol 12573
node 98789 j 15 i 0 c 86 z 4137 jlev 15 zsol 12659
node 47307 j 14 i 2 c 322 z 4051 jlev 14 zsol 12981
node 43877 j 13 i 1 c 298 z 3729 jlev 13 zsol 13279
node 9623 j 12 i 3 c 237 z 3431 jlev 12 zsol 13516
node 7341 j 11 i 2 c 288 z 3194 jlev 11 zsol 13804
node 2583 j 10 i 2 c 195 z 2906 jlev 10 zsol 13999
node 1970 j 9 i 0 c 213 z 2711 jlev 9 zsol 14212
node 147 j 8 i 1 c 456 z 2498 jlev 8 zsol 14668
node 126 j 7 i 3 c 123 z 2042 jlev 7 zsol 14791
node 106 j 6 i 3 c 319 z 1919 jlev 6 zsol 15110
node 86 j 5 i 2 c 172 z 1600 jlev 5 zsol 15282
node 66 j 4 i 1 c 394 z 1428 jlev 4 zsol 15676
node 46 j 3 i 3 c 224 z 1034 jlev 3 zsol 15900
node 26 j 2 i 1 c 116 z 810 jlev 2 zsol 16016
node 10 j 1 i 3 c 206 z 694 jlev 1 zsol 16222
node 2 j 0 i 0 c 488 z 488 jlev 0 zsol 16710
0 3 1 3 1 2 3 3 1 0 2 2 3 1 2 0 2 1 0 0 2 3 1 2 2 2 0 1 1 1 3 1 2 2 3 3 1 1 1 2 2 2 1 1 1 1 1 2 1 1 1 2 
FNew zub: 16710
node 147234 j 51 i 2 c 281 z 16702 jlev 51 zsol 281
node 147233 j 50 i 1 c 921 z 16421 jlev 50 zsol 1202
node 147228 j 49 i 1 c 423 z 15500 jlev 49 zsol 1625
node 147220 j 48 i 1 c 748 z 15077 jlev 48 zsol 2373
node 147214 j 47 i 2 c 282 z 14329 jlev 47 zsol 2655
node 147203 j 46 i 1 c 387 z 14047 jlev 46 zsol 3042
node 147197 j 45 i 1 c 171 z 13660 jlev 45 zsol 3213
node 147191 j 44 i 1 c 712 z 13489 jlev 44 zsol 3925
node 147185 j 43 i 1 c 567 z 12777 jlev 43 zsol 4492
node 147179 j 42 i 1 c 863 z 12210 jlev 42 zsol 5355
node 147170 j 41 i 2 c 344 z 11347 jlev 41 zsol 5699
node 147160 j 40 i 2 c 222 z 11003 jlev 40 zsol 5921
node 147154 j 39 i 2 c 422 z 10781 jlev 39 zsol 6343
node 147139 j 38 i 1 c 449 z 10359 jlev 38 zsol 6792
node 147129 j 37 i 1 c 288 z 9910 jlev 37 zsol 7080
node 147121 j 36 i 1 c 310 z 9622 jlev 36 zsol 7390
node 147112 j 35 i 3 c 140 z 9312 jlev 35 zsol 7530
node 147107 j 34 i 3 c 305 z 9172 jlev 34 zsol 7835
node 146533 j 33 i 2 c 262 z 8867 jlev 33 zsol 8097
node 146517 j 32 i 2 c 249 z 8605 jlev 32 zsol 8346
node 146500 j 31 i 1 c 637 z 8356 jlev 31 zsol 8983
node 146493 j 30 i 3 c 477 z 7719 jlev 30 zsol 9460
node 146474 j 29 i 2 c 321 z 7242 jlev 29 zsol 9781
node 146461 j 28 i 1 c 461 z 6921 jlev 28 zsol 10242
node 146443 j 27 i 1 c 123 z 6460 jlev 27 zsol 10365
node 146431 j 26 i 0 c 253 z 6337 jlev 26 zsol 10618
node 124271 j 25 i 2 c 188 z 6084 jlev 25 zsol 10806
node 124254 j 24 i 2 c 169 z 5896 jlev 24 zsol 10975
node 120911 j 23 i 2 c 123 z 5727 jlev 23 zsol 11098
node 120327 j 22 i 1 c 303 z 5604 jlev 22 zsol 11401
node 120313 j 21 i 3 c 94 z 5301 jlev 21 zsol 11495
node 120291 j 20 i 1 c 362 z 5207 jlev 20 zsol 11857
node 120274 j 19 i 0 c 133 z 4845 jlev 19 zsol 11990
node 120257 j 18 i 0 c 60 z 4712 jlev 18 zsol 12050
node 98840 j 17 i 1 c 313 z 4652 jlev 17 zsol 12363
node 98812 j 16 i 2 c 202 z 4339 jlev 16 zsol 12565
node 98789 j 15 i 0 c 86 z 4137 jlev 15 zsol 12651
node 47307 j 14 i 2 c 322 z 4051 jlev 14 zsol 12973
node 43877 j 13 i 1 c 298 z 3729 jlev 13 zsol 13271
node 9623 j 12 i 3 c 237 z 3431 jlev 12 zsol 13508
node 7341 j 11 i 2 c 288 z 3194 jlev 11 zsol 13796
node 2583 j 10 i 2 c 195 z 2906 jlev 10 zsol 13991
node 1970 j 9 i 0 c 213 z 2711 jlev 9 zsol 14204
node 147 j 8 i 1 c 456 z 2498 jlev 8 zsol 14660
node 126 j 7 i 3 c 123 z 2042 jlev 7 zsol 14783
node 106 j 6 i 3 c 319 z 1919 jlev 6 zsol 15102
node 86 j 5 i 2 c 172 z 1600 jlev 5 zsol 15274
node 66 j 4 i 1 c 394 z 1428 jlev 4 zsol 15668
node 46 j 3 i 3 c 224 z 1034 jlev 3 zsol 15892
node 26 j 2 i 1 c 116 z 810 jlev 2 zsol 16008
node 10 j 1 i 3 c 206 z 694 jlev 1 zsol 16214
node 2 j 0 i 0 c 488 z 488 jlev 0 zsol 16702
0 3 1 3 1 2 3 3 1 0 2 2 3 1 2 0 2 1 0 0 1 3 1 2 2 2 0 1 1 2 3 1 2 2 3 3 1 1 1 2 2 2 1 1 1 1 1 2 1 1 1 2 
FNew zub: 16702
node 218080 j 51 i 2 c 281 z 16595 jlev 51 zsol 281
node 218078 j 50 i 1 c 921 z 16314 jlev 50 zsol 1202
node 218073 j 49 i 1 c 423 z 15393 jlev 49 zsol 1625
node 218065 j 48 i 1 c 748 z 14970 jlev 48 zsol 2373
node 217502 j 47 i 2 c 282 z 14222 jlev 47 zsol 2655
node 217491 j 46 i 1 c 387 z 13940 jlev 46 zsol 3042
node 217485 j 45 i 1 c 171 z 13553 jlev 45 zsol 3213
node 217479 j 44 i 1 c 712 z 13382 jlev 44 zsol 3925
node 217473 j 43 i 1 c 567 z 12670 jlev 43 zsol 4492
node 217466 j 42 i 1 c 863 z 12103 jlev 42 zsol 5355
node 217458 j 41 i 3 c 151 z 11240 jlev 41 zsol 5506
node 217445 j 40 i 2 c 222 z 11089 jlev 40 zsol 5728
node 217436 j 39 i 2 c 422 z 10867 jlev 39 zsol 6150
node 217425 j 38 i 1 c 449 z 10445 jlev 38 zsol 6599
node 217415 j 37 i 1 c 288 z 9996 jlev 37 zsol 6887
node 217408 j 36 i 1 c 310 z 9708 jlev 36 zsol 7197
node 217400 j 35 i 2 c 307 z 9398 jlev 35 zsol 7504
node 217390 j 34 i 3 c 305 z 9091 jlev 34 zsol 7809
node 217382 j 33 i 2 c 262 z 8786 jlev 33 zsol 8071
node 217372 j 32 i 3 c 88 z 8524 jlev 32 zsol 8159
node 217359 j 31 i 1 c 637 z 8436 jlev 31 zsol 8796
node 217343 j 30 i 3 c 477 z 7799 jlev 30 zsol 9273
node 200190 j 29 i 2 c 321 z 7322 jlev 29 zsol 9594
node 193529 j 28 i 1 c 461 z 7001 jlev 28 zsol 10055
node 193516 j 27 i 1 c 123 z 6540 jlev 27 zsol 10178
node 192945 j 26 i 3 c 354 z 6417 jlev 26 zsol 10532
node 187395 j 25 i 2 c 188 z 6063 jlev 25 zsol 10720
node 187375 j 24 i 2 c 169 z 5875 jlev 24 zsol 10889
node 184060 j 23 i 2 c 123 z 5706 jlev 23 zsol 11012
node 182940 j 22 i 1 c 303 z 5583 jlev 22 zsol 11315
node 182924 j 21 i 3 c 94 z 5280 jlev 21 zsol 11409
node 182899 j 20 i 1 c 362 z 5186 jlev 20 zsol 11771
node 182878 j 19 i 0 c 133 z 4824 jlev 19 zsol 11904
node 182860 j 18 i 0 c 60 z 4691 jlev 18 zsol 11964
node 182843 j 17 i 1 c 313 z 4631 jlev 17 zsol 12277
node 182824 j 16 i 0 c 131 z 4318 jlev 16 zsol 12408
node 182811 j 15 i 0 c 86 z 4187 jlev 15 zsol 12494
node 96525 j 14 i 2 c 322 z 4101 jlev 14 zsol 12816
node 86880 j 13 i 1 c 298 z 3779 jlev 13 zsol 13114
node 9624 j 12 i 2 c 287 z 3481 jlev 12 zsol 13401
node 7341 j 11 i 2 c 288 z 3194 jlev 11 zsol 13689
node 2583 j 10 i 2 c 195 z 2906 jlev 10 zsol 13884
node 1970 j 9 i 0 c 213 z 2711 jlev 9 zsol 14097
node 147 j 8 i 1 c 456 z 2498 jlev 8 zsol 14553
node 126 j 7 i 3 c 123 z 2042 jlev 7 zsol 14676
node 106 j 6 i 3 c 319 z 1919 jlev 6 zsol 14995
node 86 j 5 i 2 c 172 z 1600 jlev 5 zsol 15167
node 66 j 4 i 1 c 394 z 1428 jlev 4 zsol 15561
node 46 j 3 i 3 c 224 z 1034 jlev 3 zsol 15785
node 26 j 2 i 1 c 116 z 810 jlev 2 zsol 15901
node 10 j 1 i 3 c 206 z 694 jlev 1 zsol 16107
node 2 j 0 i 0 c 488 z 488 jlev 0 zsol 16595
0 3 1 3 1 2 3 3 1 0 2 2 2 1 2 0 0 1 0 0 1 3 1 2 2 2 3 1 1 2 3 1 3 2 3 2 1 1 1 2 2 3 1 1 1 1 1 2 1 1 1 2 
FNew zub: 16595
node 268782 j 51 i 2 c 281 z 16567 jlev 51 zsol 281
node 268781 j 50 i 1 c 921 z 16286 jlev 50 zsol 1202
node 268776 j 49 i 1 c 423 z 15365 jlev 49 zsol 1625
node 268770 j 48 i 1 c 748 z 14942 jlev 48 zsol 2373
node 268758 j 47 i 2 c 282 z 14194 jlev 47 zsol 2655
node 268748 j 46 i 1 c 387 z 13912 jlev 46 zsol 3042
node 268742 j 45 i 1 c 171 z 13525 jlev 45 zsol 3213
node 268735 j 44 i 1 c 712 z 13354 jlev 44 zsol 3925
node 268729 j 43 i 1 c 567 z 12642 jlev 43 zsol 4492
node 268721 j 42 i 1 c 863 z 12075 jlev 42 zsol 5355
node 268707 j 41 i 3 c 151 z 11212 jlev 41 zsol 5506
node 268697 j 40 i 2 c 222 z 11061 jlev 40 zsol 5728
node 268695 j 39 i 2 c 422 z 10839 jlev 39 zsol 6150
node 268122 j 38 i 1 c 449 z 10417 jlev 38 zsol 6599
node 268112 j 37 i 1 c 288 z 9968 jlev 37 zsol 6887
node 268103 j 36 i 1 c 310 z 9680 jlev 36 zsol 7197
node 268090 j 35 i 2 c 307 z 9370 jlev 35 zsol 7504
node 268078 j 34 i 3 c 305 z 9063 jlev 34 zsol 7809
node 268068 j 33 i 2 c 262 z 8758 jlev 33 zsol 8071
node 268054 j 32 i 3 c 88 z 8496 jlev 32 zsol 8159
node 268040 j 31 i 1 c 637 z 8408 jlev 31 zsol 8796
node 268031 j 30 i 3 c 477 z 7771 jlev 30 zsol 9273
node 252425 j 29 i 1 c 414 z 7294 jlev 29 zsol 9687
node 252408 j 28 i 1 c 461 z 6880 jlev 28 zsol 10148
node 252395 j 27 i 1 c 123 z 6419 jlev 27 zsol 10271
node 252386 j 26 i 0 c 253 z 6296 jlev 26 zsol 10524
node 250695 j 25 i 2 c 188 z 6043 jlev 25 zsol 10712
node 250681 j 24 i 2 c 169 z 5855 jlev 24 zsol 10881
node 250113 j 23 i 2 c 123 z 5686 jlev 23 zsol 11004
node 250089 j 22 i 1 c 303 z 5563 jlev 22 zsol 11307
node 250073 j 21 i 3 c 94 z 5260 jlev 21 zsol 11401
node 250057 j 20 i 2 c 277 z 5166 jlev 20 zsol 11678
node 250036 j 19 i 0 c 133 z 4889 jlev 19 zsol 11811
node 250029 j 18 i 0 c 60 z 4756 jlev 18 zsol 11871
node 182847 j 17 i 1 c 313 z 4696 jlev 17 zsol 12184
node 182825 j 16 i 3 c 196 z 4383 jlev 16 zsol 12380
node 182811 j 15 i 0 c 86 z 4187 jlev 15 zsol 12466
node 96525 j 14 i 2 c 322 z 4101 jlev 14 zsol 12788
node 86880 j 13 i 1 c 298 z 3779 jlev 13 zsol 13086
node 9624 j 12 i 2 c 287 z 3481 jlev 12 zsol 13373
node 7341 j 11 i 2 c 288 z 3194 jlev 11 zsol 13661
node 2583 j 10 i 2 c 195 z 2906 jlev 10 zsol 13856
node 1970 j 9 i 0 c 213 z 2711 jlev 9 zsol 14069
node 147 j 8 i 1 c 456 z 2498 jlev 8 zsol 14525
node 126 j 7 i 3 c 123 z 2042 jlev 7 zsol 14648
node 106 j 6 i 3 c 319 z 1919 jlev 6 zsol 14967
node 86 j 5 i 2 c 172 z 1600 jlev 5 zsol 15139
node 66 j 4 i 1 c 394 z 1428 jlev 4 zsol 15533
node 46 j 3 i 3 c 224 z 1034 jlev 3 zsol 15757
node 26 j 2 i 1 c 116 z 810 jlev 2 zsol 15873
node 10 j 1 i 3 c 206 z 694 jlev 1 zsol 16079
node 2 j 0 i 0 c 488 z 488 jlev 0 zsol 16567
0 3 1 3 1 2 3 3 1 0 2 2 2 1 2 0 3 1 0 0 2 3 1 2 2 2 0 1 1 1 3 1 3 2 3 2 1 1 1 2 2 3 1 1 1 1 1 2 1 1 1 2 
FNew zub: 16567
node 329085 j 51 i 2 c 281 z 16428 jlev 51 zsol 281
node 329084 j 50 i 1 c 921 z 16147 jlev 50 zsol 1202
node 329079 j 49 i 1 c 423 z 15226 jlev 49 zsol 1625
node 329072 j 48 i 1 c 748 z 14803 jlev 48 zsol 2373
node 328508 j 47 i 3 c 304 z 14055 jlev 47 zsol 2677
node 328494 j 46 i 1 c 387 z 13751 jlev 46 zsol 3064
node 328488 j 45 i 1 c 171 z 13364 jlev 45 zsol 3235
node 328480 j 44 i 1 c 712 z 13193 jlev 44 zsol 3947
node 328474 j 43 i 1 c 567 z 12481 jlev 43 zsol 4514
node 328465 j 42 i 1 c 863 z 11914 jlev 42 zsol 5377
node 328455 j 41 i 3 c 151 z 11051 jlev 41 zsol 5528
node 328444 j 40 i 2 c 222 z 10900 jlev 40 zsol 5750
node 328435 j 39 i 2 c 422 z 10678 jlev 39 zsol 6172
node 327856 j 38 i 1 c 449 z 10256 jlev 38 zsol 6621
node 327844 j 37 i 1 c 288 z 9807 jlev 37 zsol 6909
node 327833 j 36 i 1 c 310 z 9519 jlev 36 zsol 7219
node 327825 j 35 i 3 c 140 z 9209 jlev 35 zsol 7359
node 327813 j 34 i 3 c 305 z 9069 jlev 34 zsol 7664
node 327800 j 33 i 2 c 262 z 8764 jlev 33 zsol 7926
node 327794 j 32 i 3 c 88 z 8502 jlev 32 zsol 8014
node 326119 j 31 i 1 c 637 z 8414 jlev 31 zsol 8651
node 326113 j 30 i 3 c 477 z 7777 jlev 30 zsol 9128
node 277645 j 29 i 1 c 414 z 7300 jlev 29 zsol 9542
node 277628 j 28 i 1 c 461 z 6886 jlev 28 zsol 10003
node 277614 j 27 i 1 c 123 z 6425 jlev 27 zsol 10126
node 277601 j 26 i 0 c 253 z 6302 jlev 26 zsol 10379
node 275879 j 25 i 2 c 188 z 6049 jlev 25 zsol 10567
node 275868 j 24 i 2 c 169 z 5861 jlev 24 zsol 10736
node 275845 j 23 i 2 c 123 z 5692 jlev 23 zsol 10859
node 275256 j 22 i 1 c 303 z 5569 jlev 22 zsol 11162
node 275239 j 21 i 3 c 94 z 5266 jlev 21 zsol 11256
node 275221 j 20 i 2 c 277 z 5172 jlev 20 zsol 11533
node 275209 j 19 i 0 c 133 z 4895 jlev 19 zsol 11666
node 275192 j 18 i 0 c 60 z 4762 jlev 18 zsol 11726
node 188411 j 17 i 1 c 313 z 4702 jlev 17 zsol 12039
node 182826 j 16 i 2 c 202 z 4389 jlev 16 zsol 12241
node 182811 j 15 i 0 c 86 z 4187 jlev 15 zsol 12327
node 96525 j 14 i 2 c 322 z 4101 jlev 14 zsol 12649
node 86880 j 13 i 1 c 298 z 3779 jlev 13 zsol 12947
node 9624 j 12 i 2 c 287 z 3481 jlev 12 zsol 13234
node 7341 j 11 i 2 c 288 z 3194 jlev 11 zsol 13522
node 2583 j 10 i 2 c 195 z 2906 jlev 10 zsol 13717
node 1970 j 9 i 0 c 213 z 2711 jlev 9 zsol 13930
node 147 j 8 i 1 c 456 z 2498 jlev 8 zsol 14386
node 126 j 7 i 3 c 123 z 2042 jlev 7 zsol 14509
node 106 j 6 i 3 c 319 z 1919 jlev 6 zsol 14828
node 86 j 5 i 2 c 172 z 1600 jlev 5 zsol 15000
node 66 j 4 i 1 c 394 z 1428 jlev 4 zsol 15394
node 46 j 3 i 3 c 224 z 1034 jlev 3 zsol 15618
node 26 j 2 i 1 c 116 z 810 jlev 2 zsol 15734
node 10 j 1 i 3 c 206 z 694 jlev 1 zsol 15940
node 2 j 0 i 0 c 488 z 488 jlev 0 zsol 16428
0 3 1 3 1 2 3 3 1 0 2 2 2 1 2 0 2 1 0 0 2 3 1 2 2 2 0 1 1 1 3 1 3 2 3 3 1 1 1 2 2 3 1 1 1 1 1 3 1 1 1 2 
FNew zub: 16428
node 330795 j 51 i 2 c 281 z 16407 jlev 51 zsol 281
node 330794 j 50 i 1 c 921 z 16126 jlev 50 zsol 1202
node 330789 j 49 i 1 c 423 z 15205 jlev 49 zsol 1625
node 330781 j 48 i 1 c 748 z 14782 jlev 48 zsol 2373
node 330216 j 47 i 2 c 282 z 14034 jlev 47 zsol 2655
node 330204 j 46 i 1 c 387 z 13752 jlev 46 zsol 3042
node 330198 j 45 i 1 c 171 z 13365 jlev 45 zsol 3213
node 330192 j 44 i 1 c 712 z 13194 jlev 44 zsol 3925
node 330186 j 43 i 1 c 567 z 12482 jlev 43 zsol 4492
node 330177 j 42 i 1 c 863 z 11915 jlev 42 zsol 5355
node 330165 j 41 i 3 c 151 z 11052 jlev 41 zsol 5506
node 330154 j 40 i 2 c 222 z 10901 jlev 40 zsol 5728
node 330145 j 39 i 2 c 422 z 10679 jlev 39 zsol 6150
node 329562 j 38 i 1 c 449 z 10257 jlev 38 zsol 6599
node 329551 j 37 i 1 c 288 z 9808 jlev 37 zsol 6887
node 329541 j 36 i 1 c 310 z 9520 jlev 36 zsol 7197
node 329533 j 35 i 3 c 140 z 9210 jlev 35 zsol 7337
node 329517 j 34 i 3 c 305 z 9070 jlev 34 zsol 7642
node 329506 j 33 i 2 c 262 z 8765 jlev 33 zsol 7904
node 329497 j 32 i 3 c 88 z 8503 jlev 32 zsol 7992
node 327774 j 31 i 1 c 637 z 8415 jlev 31 zsol 8629
node 327762 j 30 i 3 c 477 z 7778 jlev 30 zsol 9106
node 280500 j 29 i 1 c 414 z 7301 jlev 29 zsol 9520
node 280484 j 28 i 1 c 461 z 6887 jlev 28 zsol 9981
node 280470 j 27 i 1 c 123 z 6426 jlev 27 zsol 10104
node 280466 j 26 i 0 c 253 z 6303 jlev 26 zsol 10357
node 279874 j 25 i 2 c 188 z 6050 jlev 25 zsol 10545
node 279859 j 24 i 2 c 169 z 5862 jlev 24 zsol 10714
node 279838 j 23 i 2 c 123 z 5693 jlev 23 zsol 10837
node 279250 j 22 i 1 c 303 z 5570 jlev 22 zsol 11140
node 279235 j 21 i 3 c 94 z 5267 jlev 21 zsol 11234
node 279219 j 20 i 2 c 277 z 5173 jlev 20 zsol 11511
node 279200 j 19 i 0 c 133 z 4896 jlev 19 zsol 11644
node 279193 j 18 i 0 c 60 z 4763 jlev 18 zsol 11704
node 194522 j 17 i 1 c 313 z 4703 jlev 17 zsol 12017
node 13770 j 16 i 2 c 202 z 4390 jlev 16 zsol 12219
node 9680 j 15 i 2 c 301 z 4188 jlev 15 zsol 12520
node 9656 j 14 i 2 c 322 z 3887 jlev 14 zsol 12842
node 9636 j 13 i 1 c 298 z 3565 jlev 13 zsol 13140
node 9622 j 12 i 0 c 73 z 3267 jlev 12 zsol 13213
node 7341 j 11 i 2 c 288 z 3194 jlev 11 zsol 13501
node 2583 j 10 i 2 c 195 z 2906 jlev 10 zsol 13696
node 1970 j 9 i 0 c 213 z 2711 jlev 9 zsol 13909
node 147 j 8 i 1 c 456 z 2498 jlev 8 zsol 14365
node 126 j 7 i 3 c 123 z 2042 jlev 7 zsol 14488
node 106 j 6 i 3 c 319 z 1919 jlev 6 zsol 14807
node 86 j 5 i 2 c 172 z 1600 jlev 5 zsol 14979
node 66 j 4 i 1 c 394 z 1428 jlev 4 zsol 15373
node 46 j 3 i 3 c 224 z 1034 jlev 3 zsol 15597
node 26 j 2 i 1 c 116 z 810 jlev 2 zsol 15713
node 10 j 1 i 3 c 206 z 694 jlev 1 zsol 15919
node 2 j 0 i 0 c 488 z 488 jlev 0 zsol 16407
0 3 1 3 1 2 3 3 1 0 2 2 0 1 2 2 2 1 0 0 2 3 1 2 2 2 0 1 1 1 3 1 3 2 3 3 1 1 1 2 2 3 1 1 1 1 1 2 1 1 1 2 
FNew zub: 16407
node 410282 j 51 i 2 c 281 z 16386 jlev 51 zsol 281
node 410278 j 50 i 1 c 921 z 16105 jlev 50 zsol 1202
node 410272 j 49 i 1 c 423 z 15184 jlev 49 zsol 1625
node 410267 j 48 i 2 c 517 z 14761 jlev 48 zsol 2142
node 409126 j 47 i 3 c 304 z 14244 jlev 47 zsol 2446
node 409110 j 46 i 1 c 387 z 13940 jlev 46 zsol 2833
node 409103 j 45 i 1 c 171 z 13553 jlev 45 zsol 3004
node 409095 j 44 i 1 c 712 z 13382 jlev 44 zsol 3716
node 409087 j 43 i 1 c 567 z 12670 jlev 43 zsol 4283
node 409082 j 42 i 2 c 657 z 12103 jlev 42 zsol 4940
node 409072 j 41 i 2 c 344 z 11446 jlev 41 zsol 5284
node 409067 j 40 i 2 c 222 z 11102 jlev 40 zsol 5506
node 409060 j 39 i 2 c 422 z 10880 jlev 39 zsol 5928
node 401780 j 38 i 1 c 449 z 10458 jlev 38 zsol 6377
node 401770 j 37 i 1 c 288 z 10009 jlev 37 zsol 6665
node 401762 j 36 i 1 c 310 z 9721 jlev 36 zsol 6975
node 401751 j 35 i 2 c 307 z 9411 jlev 35 zsol 7282
node 401737 j 34 i 3 c 305 z 9104 jlev 34 zsol 7587
node 401727 j 33 i 2 c 262 z 8799 jlev 33 zsol 7849
node 401718 j 32 i 3 c 88 z 8537 jlev 32 zsol 7937
node 401707 j 31 i 1 c 637 z 8449 jlev 31 zsol 8574
node 401695 j 30 i 3 c 477 z 7812 jlev 30 zsol 9051
node 146475 j 29 i 1 c 414 z 7335 jlev 29 zsol 9465
node 146461 j 28 i 1 c 461 z 6921 jlev 28 zsol 9926
node 146443 j 27 i 1 c 123 z 6460 jlev 27 zsol 10049
node 146431 j 26 i 0 c 253 z 6337 jlev 26 zsol 10302
node 124271 j 25 i 2 c 188 z 6084 jlev 25 zsol 10490
node 124254 j 24 i 2 c 169 z 5896 jlev 24 zsol 10659
node 120911 j 23 i 2 c 123 z 5727 jlev 23 zsol 10782
node 120327 j 22 i 1 c 303 z 5604 jlev 22 zsol 11085
node 120313 j 21 i 3 c 94 z 5301 jlev 21 zsol 11179
node 120291 j 20 i 1 c 362 z 5207 jlev 20 zsol 11541
node 120274 j 19 i 0 c 133 z 4845 jlev 19 zsol 11674
node 120257 j 18 i 0 c 60 z 4712 jlev 18 zsol 11734
node 98840 j 17 i 1 c 313 z 4652 jlev 17 zsol 12047
node 98812 j 16 i 2 c 202 z 4339 jlev 16 zsol 12249
node 98789 j 15 i 0 c 86 z 4137 jlev 15 zsol 12335
node 47307 j 14 i 2 c 322 z 4051 jlev 14 zsol 12657
node 43877 j 13 i 1 c 298 z 3729 jlev 13 zsol 12955
node 9623 j 12 i 3 c 237 z 3431 jlev 12 zsol 13192
node 7341 j 11 i 2 c 288 z 3194 jlev 11 zsol 13480
node 2583 j 10 i 2 c 195 z 2906 jlev 10 zsol 13675
node 1970 j 9 i 0 c 213 z 2711 jlev 9 zsol 13888
node 147 j 8 i 1 c 456 z 2498 jlev 8 zsol 14344
node 126 j 7 i 3 c 123 z 2042 jlev 7 zsol 14467
node 106 j 6 i 3 c 319 z 1919 jlev 6 zsol 14786
node 86 j 5 i 2 c 172 z 1600 jlev 5 zsol 14958
node 66 j 4 i 1 c 394 z 1428 jlev 4 zsol 15352
node 46 j 3 i 3 c 224 z 1034 jlev 3 zsol 15576
node 26 j 2 i 1 c 116 z 810 jlev 2 zsol 15692
node 10 j 1 i 3 c 206 z 694 jlev 1 zsol 15898
node 2 j 0 i 0 c 488 z 488 jlev 0 zsol 16386
0 3 1 3 1 2 3 3 1 0 2 2 3 1 2 0 2 1 0 0 1 3 1 2 2 2 0 1 1 1 3 1 3 2 3 2 1 1 1 2 2 2 2 1 1 1 1 3 2 1 1 2 
FNew zub: 16386
node 1749485 j 51 i 2 c 281 z 16335 jlev 51 zsol 281
node 1749480 j 50 i 1 c 921 z 16054 jlev 50 zsol 1202
node 1749475 j 49 i 1 c 423 z 15133 jlev 49 zsol 1625
node 1749469 j 48 i 2 c 517 z 14710 jlev 48 zsol 2142
node 1749455 j 47 i 2 c 282 z 14193 jlev 47 zsol 2424
node 1749448 j 46 i 1 c 387 z 13911 jlev 46 zsol 2811
node 1749441 j 45 i 1 c 171 z 13524 jlev 45 zsol 2982
node 1749433 j 44 i 2 c 626 z 13353 jlev 44 zsol 3608
node 1748872 j 43 i 1 c 567 z 12727 jlev 43 zsol 4175
node 1748320 j 42 i 1 c 863 z 12160 jlev 42 zsol 5038
node 1748309 j 41 i 3 c 151 z 11297 jlev 41 zsol 5189
node 1748298 j 40 i 2 c 222 z 11146 jlev 40 zsol 5411
node 1748290 j 39 i 2 c 422 z 10924 jlev 39 zsol 5833
node 1748277 j 38 i 1 c 449 z 10502 jlev 38 zsol 6282
node 1748264 j 37 i 1 c 288 z 10053 jlev 37 zsol 6570
node 1748258 j 36 i 1 c 310 z 9765 jlev 36 zsol 6880
node 1748246 j 35 i 2 c 307 z 9455 jlev 35 zsol 7187
node 1748237 j 34 i 3 c 305 z 9148 jlev 34 zsol 7492
node 1748224 j 33 i 2 c 262 z 8843 jlev 33 zsol 7754
node 1748215 j 32 i 3 c 88 z 8581 jlev 32 zsol 7842
node 1748198 j 31 i 1 c 637 z 8493 jlev 31 zsol 8479
node 1748195 j 30 i 3 c 477 z 7856 jlev 30 zsol 8956
node 617938 j 29 i 1 c 414 z 7379 jlev 29 zsol 9370
node 617920 j 28 i 1 c 461 z 6965 jlev 28 zsol 9831
node 617904 j 27 i 1 c 123 z 6504 jlev 27 zsol 9954
node 617900 j 26 i 0 c 253 z 6381 jlev 26 zsol 10207
node 268536 j 25 i 2 c 188 z 6128 jlev 25 zsol 10395
node 252913 j 24 i 2 c 169 z 5940 jlev 24 zsol 10564
node 251790 j 23 i 2 c 123 z 5771 jlev 23 zsol 10687
node 250092 j 22 i 1 c 303 z 5648 jlev 22 zsol 10990
node 250076 j 21 i 3 c 94 z 5345 jlev 21 zsol 11084
node 250058 j 20 i 1 c 362 z 5251 jlev 20 zsol 11446
node 250036 j 19 i 0 c 133 z 4889 jlev 19 zsol 11579
node 250029 j 18 i 0 c 60 z 4756 jlev 18 zsol 11639
node 182847 j 17 i 1 c 313 z 4696 jlev 17 zsol 11952
node 182825 j 16 i 3 c 196 z 4383 jlev 16 zsol 12148
node 182811 j 15 i 0 c 86 z 4187 jlev 15 zsol 12234
node 96525 j 14 i 2 c 322 z 4101 jlev 14 zsol 12556
node 86880 j 13 i 1 c 298 z 3779 jlev 13 zsol 12854
node 9624 j 12 i 2 c 287 z 3481 jlev 12 zsol 13141
node 7341 j 11 i 2 c 288 z 3194 jlev 11 zsol 13429
node 2583 j 10 i 2 c 195 z 2906 jlev 10 zsol 13624
node 1970 j 9 i 0 c 213 z 2711 jlev 9 zsol 13837
node 147 j 8 i 1 c 456 z 2498 jlev 8 zsol 14293
node 126 j 7 i 3 c 123 z 2042 jlev 7 zsol 14416
node 106 j 6 i 3 c 319 z 1919 jlev 6 zsol 14735
node 86 j 5 i 2 c 172 z 1600 jlev 5 zsol 14907
node 66 j 4 i 1 c 394 z 1428 jlev 4 zsol 15301
node 46 j 3 i 3 c 224 z 1034 jlev 3 zsol 15525
node 26 j 2 i 1 c 116 z 810 jlev 2 zsol 15641
node 10 j 1 i 3 c 206 z 694 jlev 1 zsol 15847
node 2 j 0 i 0 c 488 z 488 jlev 0 zsol 16335
0 3 1 3 1 2 3 3 1 0 2 2 2 1 2 0 3 1 0 0 1 3 1 2 2 2 0 1 1 1 3 1 3 2 3 2 1 1 1 2 2 3 1 1 2 1 1 2 2 1 1 2 
FNew zub: 16335
node 1796248 j 51 i 2 c 281 z 16216 jlev 51 zsol 281
node 1796242 j 50 i 1 c 921 z 15935 jlev 50 zsol 1202
node 1796235 j 49 i 1 c 423 z 15014 jlev 49 zsol 1625
node 1796229 j 48 i 2 c 517 z 14591 jlev 48 zsol 2142
node 1796221 j 47 i 2 c 282 z 14074 jlev 47 zsol 2424
node 1796212 j 46 i 1 c 387 z 13792 jlev 46 zsol 2811
node 1796204 j 45 i 1 c 171 z 13405 jlev 45 zsol 2982
node 1795673 j 44 i 1 c 712 z 13234 jlev 44 zsol 3694
node 1795663 j 43 i 1 c 567 z 12522 jlev 43 zsol 4261
node 1795655 j 42 i 2 c 657 z 11955 jlev 42 zsol 4918
node 1795643 j 41 i 3 c 151 z 11298 jlev 41 zsol 5069
node 1795633 j 40 i 2 c 222 z 11147 jlev 40 zsol 5291
node 1795625 j 39 i 2 c 422 z 10925 jlev 39 zsol 5713
node 1795612 j 38 i 1 c 449 z 10503 jlev 38 zsol 6162
node 1795603 j 37 i 1 c 288 z 10054 jlev 37 zsol 6450
node 1795595 j 36 i 1 c 310 z 9766 jlev 36 zsol 6760
node 1795584 j 35 i 2 c 307 z 9456 jlev 35 zsol 7067
node 1795577 j 34 i 3 c 305 z 9149 jlev 34 zsol 7372
node 1795563 j 33 i 2 c 262 z 8844 jlev 33 zsol 7634
node 1795548 j 32 i 3 c 88 z 8582 jlev 32 zsol 7722
node 1795540 j 31 i 1 c 637 z 8494 jlev 31 zsol 8359
node 1795526 j 30 i 3 c 477 z 7857 jlev 30 zsol 8836
node 642569 j 29 i 1 c 414 z 7380 jlev 29 zsol 9250
node 642552 j 28 i 1 c 461 z 6966 jlev 28 zsol 9711
node 642539 j 27 i 1 c 123 z 6505 jlev 27 zsol 9834
node 642527 j 26 i 0 c 253 z 6382 jlev 26 zsol 10087
node 303305 j 25 i 2 c 188 z 6129 jlev 25 zsol 10275
node 263549 j 24 i 2 c 169 z 5941 jlev 24 zsol 10444
node 262422 j 23 i 2 c 123 z 5772 jlev 23 zsol 10567
node 256834 j 22 i 1 c 303 z 5649 jlev 22 zsol 10870
node 256818 j 21 i 3 c 94 z 5346 jlev 21 zsol 10964
node 256791 j 20 i 1 c 362 z 5252 jlev 20 zsol 11326
node 256775 j 19 i 0 c 133 z 4890 jlev 19 zsol 11459
node 256758 j 18 i 0 c 60 z 4757 jlev 18 zsol 11519
node 178455 j 17 i 1 c 313 z 4697 jlev 17 zsol 11832
node 13769 j 16 i 3 c 196 z 4384 jlev 16 zsol 12028
node 9680 j 15 i 2 c 301 z 4188 jlev 15 zsol 12329
node 9656 j 14 i 2 c 322 z 3887 jlev 14 zsol 12651
node 9636 j 13 i 1 c 298 z 3565 jlev 13 zsol 12949
node 9622 j 12 i 0 c 73 z 3267 jlev 12 zsol 13022
node 7341 j 11 i 2 c 288 z 3194 jlev 11 zsol 13310
node 2583 j 10 i 2 c 195 z 2906 jlev 10 zsol 13505
node 1970 j 9 i 0 c 213 z 2711 jlev 9 zsol 13718
node 147 j 8 i 1 c 456 z 2498 jlev 8 zsol 14174
node 126 j 7 i 3 c 123 z 2042 jlev 7 zsol 14297
node 106 j 6 i 3 c 319 z 1919 jlev 6 zsol 14616
node 86 j 5 i 2 c 172 z 1600 jlev 5 zsol 14788
node 66 j 4 i 1 c 394 z 1428 jlev 4 zsol 15182
node 46 j 3 i 3 c 224 z 1034 jlev 3 zsol 15406
node 26 j 2 i 1 c 116 z 810 jlev 2 zsol 15522
node 10 j 1 i 3 c 206 z 694 jlev 1 zsol 15728
node 2 j 0 i 0 c 488 z 488 jlev 0 zsol 16216
0 3 1 3 1 2 3 3 1 0 2 2 0 1 2 2 3 1 0 0 1 3 1 2 2 2 0 1 1 1 3 1 3 2 3 2 1 1 1 2 2 3 2 1 1 1 1 2 2 1 1 2 
FNew zub: 16216
node 2083684 j 51 i 2 c 281 z 16076 jlev 51 zsol 281
node 2083679 j 50 i 1 c 921 z 15795 jlev 50 zsol 1202
node 2083673 j 49 i 1 c 423 z 14874 jlev 49 zsol 1625
node 2083670 j 48 i 2 c 517 z 14451 jlev 48 zsol 2142
node 2083121 j 47 i 3 c 304 z 13934 jlev 47 zsol 2446
node 2083107 j 46 i 1 c 387 z 13630 jlev 46 zsol 2833
node 2083101 j 45 i 1 c 171 z 13243 jlev 45 zsol 3004
node 2083094 j 44 i 1 c 712 z 13072 jlev 44 zsol 3716
node 2083086 j 43 i 1 c 567 z 12360 jlev 43 zsol 4283
node 2083078 j 42 i 2 c 657 z 11793 jlev 42 zsol 4940
node 2083069 j 41 i 3 c 151 z 11136 jlev 41 zsol 5091
node 2083057 j 40 i 2 c 222 z 10985 jlev 40 zsol 5313
node 2083048 j 39 i 2 c 422 z 10763 jlev 39 zsol 5735
node 2082498 j 38 i 1 c 449 z 10341 jlev 38 zsol 6184
node 2082487 j 37 i 1 c 288 z 9892 jlev 37 zsol 6472
node 2082476 j 36 i 1 c 310 z 9604 jlev 36 zsol 6782
node 2082466 j 35 i 3 c 140 z 9294 jlev 35 zsol 6922
node 2082456 j 34 i 3 c 305 z 9154 jlev 34 zsol 7227
node 2082441 j 33 i 2 c 262 z 8849 jlev 33 zsol 7489
node 2082434 j 32 i 3 c 88 z 8587 jlev 32 zsol 7577
node 2082421 j 31 i 1 c 637 z 8499 jlev 31 zsol 8214
node 2082413 j 30 i 3 c 477 z 7862 jlev 30 zsol 8691
node 740660 j 29 i 1 c 414 z 7385 jlev 29 zsol 9105
node 740642 j 28 i 1 c 461 z 6971 jlev 28 zsol 9566
node 740627 j 27 i 1 c 123 z 6510 jlev 27 zsol 9689
node 740620 j 26 i 0 c 253 z 6387 jlev 26 zsol 9942
node 350180 j 25 i 2 c 188 z 6134 jlev 25 zsol 10130
node 302184 j 24 i 2 c 169 z 5946 jlev 24 zsol 10299
node 277557 j 23 i 2 c 123 z 5777 jlev 23 zsol 10422
node 275265 j 22 i 1 c 303 z 5654 jlev 22 zsol 10725
node 275245 j 21 i 3 c 94 z 5351 jlev 21 zsol 10819
node 275222 j 20 i 1 c 362 z 5257 jlev 20 zsol 11181
node 275209 j 19 i 0 c 133 z 4895 jlev 19 zsol 11314
node 275192 j 18 i 0 c 60 z 4762 jlev 18 zsol 11374
node 188411 j 17 i 1 c 313 z 4702 jlev 17 zsol 11687
node 182826 j 16 i 2 c 202 z 4389 jlev 16 zsol 11889
node 182811 j 15 i 0 c 86 z 4187 jlev 15 zsol 11975
node 96525 j 14 i 2 c 322 z 4101 jlev 14 zsol 12297
node 86880 j 13 i 1 c 298 z 3779 jlev 13 zsol 12595
node 9624 j 12 i 2 c 287 z 3481 jlev 12 zsol 12882
node 7341 j 11 i 2 c 288 z 3194 jlev 11 zsol 13170
node 2583 j 10 i 2 c 195 z 2906 jlev 10 zsol 13365
node 1970 j 9 i 0 c 213 z 2711 jlev 9 zsol 13578
node 147 j 8 i 1 c 456 z 2498 jlev 8 zsol 14034
node 126 j 7 i 3 c 123 z 2042 jlev 7 zsol 14157
node 106 j 6 i 3 c 319 z 1919 jlev 6 zsol 14476
node 86 j 5 i 2 c 172 z 1600 jlev 5 zsol 14648
node 66 j 4 i 1 c 394 z 1428 jlev 4 zsol 15042
node 46 j 3 i 3 c 224 z 1034 jlev 3 zsol 15266
node 26 j 2 i 1 c 116 z 810 jlev 2 zsol 15382
node 10 j 1 i 3 c 206 z 694 jlev 1 zsol 15588
node 2 j 0 i 0 c 488 z 488 jlev 0 zsol 16076
0 3 1 3 1 2 3 3 1 0 2 2 2 1 2 0 2 1 0 0 1 3 1 2 2 2 0 1 1 1 3 1 3 2 3 3 1 1 1 2 2 3 2 1 1 1 1 3 2 1 1 2 
FNew zub: 16076
node 2089581 j 51 i 2 c 281 z 16016 jlev 51 zsol 281
node 2089578 j 50 i 1 c 921 z 15735 jlev 50 zsol 1202
node 2089572 j 49 i 1 c 423 z 14814 jlev 49 zsol 1625
node 2089569 j 48 i 3 c 286 z 14391 jlev 48 zsol 1911
node 2087434 j 47 i 2 c 282 z 14105 jlev 47 zsol 2193
node 2086883 j 46 i 1 c 387 z 13823 jlev 46 zsol 2580
node 2086877 j 45 i 1 c 171 z 13436 jlev 45 zsol 2751
node 2084711 j 44 i 1 c 712 z 13265 jlev 44 zsol 3463
node 2083625 j 43 i 1 c 567 z 12553 jlev 43 zsol 4030
node 2083618 j 42 i 2 c 657 z 11986 jlev 42 zsol 4687
node 2083070 j 41 i 2 c 344 z 11329 jlev 41 zsol 5031
node 2083057 j 40 i 2 c 222 z 10985 jlev 40 zsol 5253
node 2083048 j 39 i 2 c 422 z 10763 jlev 39 zsol 5675
node 2082498 j 38 i 1 c 449 z 10341 jlev 38 zsol 6124
node 2082487 j 37 i 1 c 288 z 9892 jlev 37 zsol 6412
node 2082476 j 36 i 1 c 310 z 9604 jlev 36 zsol 6722
node 2082466 j 35 i 3 c 140 z 9294 jlev 35 zsol 6862
node 2082456 j 34 i 3 c 305 z 9154 jlev 34 zsol 7167
node 2082441 j 33 i 2 c 262 z 8849 jlev 33 zsol 7429
node 2082434 j 32 i 3 c 88 z 8587 jlev 32 zsol 7517
node 2082421 j 31 i 1 c 637 z 8499 jlev 31 zsol 8154
node 2082413 j 30 i 3 c 477 z 7862 jlev 30 zsol 8631
node 740660 j 29 i 1 c 414 z 7385 jlev 29 zsol 9045
node 740642 j 28 i 1 c 461 z 6971 jlev 28 zsol 9506
node 740627 j 27 i 1 c 123 z 6510 jlev 27 zsol 9629
node 740620 j 26 i 0 c 253 z 6387 jlev 26 zsol 9882
node 350180 j 25 i 2 c 188 z 6134 jlev 25 zsol 10070
node 302184 j 24 i 2 c 169 z 5946 jlev 24 zsol 10239
node 277557 j 23 i 2 c 123 z 5777 jlev 23 zsol 10362
node 275265 j 22 i 1 c 303 z 5654 jlev 22 zsol 10665
node 275245 j 21 i 3 c 94 z 5351 jlev 21 zsol 10759
node 275222 j 20 i 1 c 362 z 5257 jlev 20 zsol 11121
node 275209 j 19 i 0 c 133 z 4895 jlev 19 zsol 11254
node 275192 j 18 i 0 c 60 z 4762 jlev 18 zsol 11314
node 188411 j 17 i 1 c 313 z 4702 jlev 17 zsol 11627
node 182826 j 16 i 2 c 202 z 4389 jlev 16 zsol 11829
node 182811 j 15 i 0 c 86 z 4187 jlev 15 zsol 11915
node 96525 j 14 i 2 c 322 z 4101 jlev 14 zsol 12237
node 86880 j 13 i 1 c 298 z 3779 jlev 13 zsol 12535
node 9624 j 12 i 2 c 287 z 3481 jlev 12 zsol 12822
node 7341 j 11 i 2 c 288 z 3194 jlev 11 zsol 13110
node 2583 j 10 i 2 c 195 z 2906 jlev 10 zsol 13305
node 1970 j 9 i 0 c 213 z 2711 jlev 9 zsol 13518
node 147 j 8 i 1 c 456 z 2498 jlev 8 zsol 13974
node 126 j 7 i 3 c 123 z 2042 jlev 7 zsol 14097
node 106 j 6 i 3 c 319 z 1919 jlev 6 zsol 14416
node 86 j 5 i 2 c 172 z 1600 jlev 5 zsol 14588
node 66 j 4 i 1 c 394 z 1428 jlev 4 zsol 14982
node 46 j 3 i 3 c 224 z 1034 jlev 3 zsol 15206
node 26 j 2 i 1 c 116 z 810 jlev 2 zsol 15322
node 10 j 1 i 3 c 206 z 694 jlev 1 zsol 15528
node 2 j 0 i 0 c 488 z 488 jlev 0 zsol 16016
0 3 1 3 1 2 3 3 1 0 2 2 2 1 2 0 2 1 0 0 1 3 1 2 2 2 0 1 1 1 3 1 3 2 3 3 1 1 1 2 2 2 2 1 1 1 1 2 3 1 1 2 
FNew zub: 16016
node 2215158 j 51 i 2 c 281 z 16013 jlev 51 zsol 281
node 2215155 j 50 i 1 c 921 z 15732 jlev 50 zsol 1202
node 2215150 j 49 i 1 c 423 z 14811 jlev 49 zsol 1625
node 2215147 j 48 i 3 c 286 z 14388 jlev 48 zsol 1911
node 2207194 j 47 i 3 c 304 z 14102 jlev 47 zsol 2215
node 2206127 j 46 i 1 c 387 z 13798 jlev 46 zsol 2602
node 2206118 j 45 i 1 c 171 z 13411 jlev 45 zsol 2773
node 2203439 j 44 i 1 c 712 z 13240 jlev 44 zsol 3485
node 2202376 j 43 i 1 c 567 z 12528 jlev 43 zsol 4052
node 2202364 j 42 i 2 c 657 z 11961 jlev 42 zsol 4709
node 2202357 j 41 i 3 c 151 z 11304 jlev 41 zsol 4860
node 2202341 j 40 i 2 c 222 z 11153 jlev 40 zsol 5082
node 2202335 j 39 i 2 c 422 z 10931 jlev 39 zsol 5504
node 2197534 j 38 i 1 c 449 z 10509 jlev 38 zsol 5953
node 2197527 j 37 i 1 c 288 z 10060 jlev 37 zsol 6241
node 2196974 j 36 i 1 c 310 z 9772 jlev 36 zsol 6551
node 2196961 j 35 i 2 c 307 z 9462 jlev 35 zsol 6858
node 2196947 j 34 i 3 c 305 z 9155 jlev 34 zsol 7163
node 2196933 j 33 i 2 c 262 z 8850 jlev 33 zsol 7425
node 2196916 j 32 i 3 c 88 z 8588 jlev 32 zsol 7513
node 2196909 j 31 i 1 c 637 z 8500 jlev 31 zsol 8150
node 2196893 j 30 i 3 c 477 z 7863 jlev 30 zsol 8627
node 753271 j 29 i 1 c 414 z 7386 jlev 29 zsol 9041
node 753253 j 28 i 1 c 461 z 6972 jlev 28 zsol 9502
node 753243 j 27 i 1 c 123 z 6511 jlev 27 zsol 9625
node 753224 j 26 i 0 c 253 z 6388 jlev 26 zsol 9878
node 356307 j 25 i 2 c 188 z 6135 jlev 25 zsol 10066
node 302192 j 24 i 2 c 169 z 5947 jlev 24 zsol 10235
node 291062 j 23 i 2 c 123 z 5778 jlev 23 zsol 10358
node 279253 j 22 i 1 c 303 z 5655 jlev 22 zsol 10661
node 279238 j 21 i 3 c 94 z 5352 jlev 21 zsol 10755
node 279220 j 20 i 1 c 362 z 5258 jlev 20 zsol 11117
node 279200 j 19 i 0 c 133 z 4896 jlev 19 zsol 11250
node 279193 j 18 i 0 c 60 z 4763 jlev 18 zsol 11310
node 194522 j 17 i 1 c 313 z 4703 jlev 17 zsol 11623
node 13770 j 16 i 2 c 202 z 4390 jlev 16 zsol 11825
node 9680 j 15 i 2 c 301 z 4188 jlev 15 zsol 12126
node 9656 j 14 i 2 c 322 z 3887 jlev 14 zsol 12448
node 9636 j 13 i 1 c 298 z 3565 jlev 13 zsol 12746
node 9622 j 12 i 0 c 73 z 3267 jlev 12 zsol 12819
node 7341 j 11 i 2 c 288 z 3194 jlev 11 zsol 13107
node 2583 j 10 i 2 c 195 z 2906 jlev 10 zsol 13302
node 1970 j 9 i 0 c 213 z 2711 jlev 9 zsol 13515
node 147 j 8 i 1 c 456 z 2498 jlev 8 zsol 13971
node 126 j 7 i 3 c 123 z 2042 jlev 7 zsol 14094
node 106 j 6 i 3 c 319 z 1919 jlev 6 zsol 14413
node 86 j 5 i 2 c 172 z 1600 jlev 5 zsol 14585
node 66 j 4 i 1 c 394 z 1428 jlev 4 zsol 14979
node 46 j 3 i 3 c 224 z 1034 jlev 3 zsol 15203
node 26 j 2 i 1 c 116 z 810 jlev 2 zsol 15319
node 10 j 1 i 3 c 206 z 694 jlev 1 zsol 15525
node 2 j 0 i 0 c 488 z 488 jlev 0 zsol 16013
0 3 1 3 1 2 3 3 1 0 2 2 0 1 2 2 2 1 0 0 1 3 1 2 2 2 0 1 1 1 3 1 3 2 3 2 1 1 1 2 2 3 2 1 1 1 1 3 3 1 1 2 
FNew zub: 16013
node 2255934 j 51 i 2 c 281 z 16007 jlev 51 zsol 281
node 2255929 j 50 i 1 c 921 z 15726 jlev 50 zsol 1202
node 2255923 j 49 i 1 c 423 z 14805 jlev 49 zsol 1625
node 2255920 j 48 i 3 c 286 z 14382 jlev 48 zsol 1911
node 2255910 j 47 i 2 c 282 z 14096 jlev 47 zsol 2193
node 2255897 j 46 i 1 c 387 z 13814 jlev 46 zsol 2580
node 2255889 j 45 i 1 c 171 z 13427 jlev 45 zsol 2751
node 2253748 j 44 i 1 c 712 z 13256 jlev 44 zsol 3463
node 2253737 j 43 i 1 c 567 z 12544 jlev 43 zsol 4030
node 2253727 j 42 i 2 c 657 z 11977 jlev 42 zsol 4687
node 2253715 j 41 i 3 c 151 z 11320 jlev 41 zsol 4838
node 2253703 j 40 i 2 c 222 z 11169 jlev 40 zsol 5060
node 2253157 j 39 i 2 c 422 z 10947 jlev 39 zsol 5482
node 2252609 j 38 i 1 c 449 z 10525 jlev 38 zsol 5931
node 2252595 j 37 i 1 c 288 z 10076 jlev 37 zsol 6219
node 2252587 j 36 i 1 c 310 z 9788 jlev 36 zsol 6529
node 2252576 j 35 i 3 c 140 z 9478 jlev 35 zsol 6669
node 2196948 j 34 i 2 c 488 z 9338 jlev 34 zsol 7157
node 2196933 j 33 i 2 c 262 z 8850 jlev 33 zsol 7419
node 2196916 j 32 i 3 c 88 z 8588 jlev 32 zsol 7507
node 2196909 j 31 i 1 c 637 z 8500 jlev 31 zsol 8144
node 2196893 j 30 i 3 c 477 z 7863 jlev 30 zsol 8621
node 753271 j 29 i 1 c 414 z 7386 jlev 29 zsol 9035
node 753253 j 28 i 1 c 461 z 6972 jlev 28 zsol 9496
node 753243 j 27 i 1 c 123 z 6511 jlev 27 zsol 9619
node 753224 j 26 i 0 c 253 z 6388 jlev 26 zsol 9872
node 356307 j 25 i 2 c 188 z 6135 jlev 25 zsol 10060
node 302192 j 24 i 2 c 169 z 5947 jlev 24 zsol 10229
node 291062 j 23 i 2 c 123 z 5778 jlev 23 zsol 10352
node 279253 j 22 i 1 c 303 z 5655 jlev 22 zsol 10655
node 279238 j 21 i 3 c 94 z 5352 jlev 21 zsol 10749
node 279220 j 20 i 1 c 362 z 5258 jlev 20 zsol 11111
node 279200 j 19 i 0 c 133 z 4896 jlev 19 zsol 11244
node 279193 j 18 i 0 c 60 z 4763 jlev 18 zsol 11304
node 194522 j 17 i 1 c 313 z 4703 jlev 17 zsol 11617
node 13770 j 16 i 2 c 202 z 4390 jlev 16 zsol 11819
node 9680 j 15 i 2 c 301 z 4188 jlev 15 zsol 12120
node 9656 j 14 i 2 c 322 z 3887 jlev 14 zsol 12442
node 9636 j 13 i 1 c 298 z 3565 jlev 13 zsol 12740
node 9622 j 12 i 0 c 73 z 3267 jlev 12 zsol 12813
node 7341 j 11 i 2 c 288 z 3194 jlev 11 zsol 13101
node 2583 j 10 i 2 c 195 z 2906 jlev 10 zsol 13296
node 1970 j 9 i 0 c 213 z 2711 jlev 9 zsol 13509
node 147 j 8 i 1 c 456 z 2498 jlev 8 zsol 13965
node 126 j 7 i 3 c 123 z 2042 jlev 7 zsol 14088
node 106 j 6 i 3 c 319 z 1919 jlev 6 zsol 14407
node 86 j 5 i 2 c 172 z 1600 jlev 5 zsol 14579
node 66 j 4 i 1 c 394 z 1428 jlev 4 zsol 14973
node 46 j 3 i 3 c 224 z 1034 jlev 3 zsol 15197
node 26 j 2 i 1 c 116 z 810 jlev 2 zsol 15313
node 10 j 1 i 3 c 206 z 694 jlev 1 zsol 15519
node 2 j 0 i 0 c 488 z 488 jlev 0 zsol 16007
0 3 1 3 1 2 3 3 1 0 2 2 0 1 2 2 2 1 0 0 1 3 1 2 2 2 0 1 1 1 3 1 3 2 2 3 1 1 1 2 2 3 2 1 1 1 1 2 3 1 1 2 
FNew zub: 16007
