c:\git\gdoforecast\gdoforecast\forenback\gdoforenback\gdoforenback\x64\debug\vc143.pdb
c:\git\gdoforecast\gdoforecast\forenback\gdoforenback\gdoforenback\x64\debug\vc143.idb
c:\git\gdoforecast\gdoforecast\forenback\gdoforenback\gdoforenback\x64\debug\json.obj
c:\git\gdoforecast\gdoforecast\forenback\gdoforenback\gdoforenback\x64\debug\gdoforenback.obj
c:\git\gdoforecast\gdoforecast\forenback\gdoforenback\x64\debug\gdoforenback.exe
c:\git\gdoforecast\gdoforecast\forenback\gdoforenback\x64\debug\gdoforenback.pdb
c:\git\gdoforecast\gdoforecast\forenback\gdoforenback\gdoforenback\x64\debug\gdoforenback.ilk
c:\git\gdoforecast\forenback\gdoforenback\gdoforenback\x64\debug\gdoforenback.obj
c:\git\gdoforecast\forenback\gdoforenback\gdoforenback\x64\debug\json.obj
c:\git\gdoforecast\forenback\gdoforenback\gdoforenback\x64\debug\gdoforenback.ilk
c:\git\gdoforecast\forenback\gdoforenback\gdoforenback\x64\debug\vc143.idb
c:\git\gdoforecast\forenback\gdoforenback\gdoforenback\x64\debug\vc143.pdb
c:\git\gdoforecast\forenback\gdoforenback\x64\debug\gdoforenback.pdb
c:\git\gdoforecast\forenback\gdoforenback\x64\debug\gdoforenback.exe
c:\git\gdoforecast\forenback\gdoforenback\gdoforenback\x64\debug\gdoforenback.tlog\cl.command.1.tlog
c:\git\gdoforecast\forenback\gdoforenback\gdoforenback\x64\debug\gdoforenback.tlog\cl.items.tlog
c:\git\gdoforecast\forenback\gdoforenback\gdoforenback\x64\debug\gdoforenback.tlog\cl.read.1.tlog
c:\git\gdoforecast\forenback\gdoforenback\gdoforenback\x64\debug\gdoforenback.tlog\cl.write.1.tlog
c:\git\gdoforecast\forenback\gdoforenback\gdoforenback\x64\debug\gdoforenback.tlog\link.command.1.tlog
c:\git\gdoforecast\forenback\gdoforenback\gdoforenback\x64\debug\gdoforenback.tlog\link.read.1.tlog
c:\git\gdoforecast\forenback\gdoforenback\gdoforenback\x64\debug\gdoforenback.tlog\link.secondary.1.tlog
c:\git\gdoforecast\forenback\gdoforenback\gdoforenback\x64\debug\gdoforenback.tlog\link.write.1.tlog
